SF:/home/enamakel/work/tinymcp/worktrees/mcp-extraction/crates/tinymcp-bus/src/audit/test.rs
FN:141,_RNvNtNtCse9bfXmf7f1X_11tinymcp_bus5audit4tests_19a_filter_is_trimmed
FN:20,_RNvNtNtCse9bfXmf7f1X_11tinymcp_bus5audit4tests_24a_new_record_round_trips
FN:167,_RNvNtNtCse9bfXmf7f1X_11tinymcp_bus5audit4tests_29an_absent_filter_is_no_filter
FN:197,_RNvNtNtCse9bfXmf7f1X_11tinymcp_bus5audit4tests_31a_query_round_trips_every_field
FN:54,_RNvNtNtCse9bfXmf7f1X_11tinymcp_bus5audit4tests_34a_stored_record_carries_its_row_id
FN:191,_RNvNtNtCse9bfXmf7f1X_11tinymcp_bus5audit4tests_37a_query_decodes_from_the_empty_object
FN:128,_RNvNtNtCse9bfXmf7f1X_11tinymcp_bus5audit4tests_37an_offset_is_passed_through_unchanged
FN:107,_RNvNtNtCse9bfXmf7f1X_11tinymcp_bus5audit4tests_40a_page_size_under_the_default_is_honored
FN:74,_RNvNtNtCse9bfXmf7f1X_11tinymcp_bus5audit4tests_42an_empty_query_takes_the_default_page_size
FN:98,_RNvNtNtCse9bfXmf7f1X_11tinymcp_bus5audit4tests_45a_page_size_at_the_maximum_is_honored_exactly
FN:83,_RNvNtNtCse9bfXmf7f1X_11tinymcp_bus5audit4tests_45a_page_size_over_the_maximum_is_clamped_to_it
FN:38,_RNvNtNtCse9bfXmf7f1X_11tinymcp_bus5audit4tests_48a_new_record_decodes_without_its_optional_fields
FN:174,_RNvNtNtCse9bfXmf7f1X_11tinymcp_bus5audit4tests_49both_none_and_false_mean_do_not_filter_on_success
FN:153,_RNvNtNtCse9bfXmf7f1X_11tinymcp_bus5audit4tests_59a_blank_filter_means_no_filter_rather_than_matching_nothing
FN:116,_RNvNtNtCse9bfXmf7f1X_11tinymcp_bus5audit4tests_63a_zero_page_size_is_honored_rather_than_replaced_by_the_default
FNDA:1,_RNvNtNtCse9bfXmf7f1X_11tinymcp_bus5audit4tests_19a_filter_is_trimmed
FNDA:1,_RNvNtNtCse9bfXmf7f1X_11tinymcp_bus5audit4tests_24a_new_record_round_trips
FNDA:1,_RNvNtNtCse9bfXmf7f1X_11tinymcp_bus5audit4tests_29an_absent_filter_is_no_filter
FNDA:1,_RNvNtNtCse9bfXmf7f1X_11tinymcp_bus5audit4tests_31a_query_round_trips_every_field
FNDA:1,_RNvNtNtCse9bfXmf7f1X_11tinymcp_bus5audit4tests_34a_stored_record_carries_its_row_id
FNDA:1,_RNvNtNtCse9bfXmf7f1X_11tinymcp_bus5audit4tests_37a_query_decodes_from_the_empty_object
FNDA:1,_RNvNtNtCse9bfXmf7f1X_11tinymcp_bus5audit4tests_37an_offset_is_passed_through_unchanged
FNDA:1,_RNvNtNtCse9bfXmf7f1X_11tinymcp_bus5audit4tests_40a_page_size_under_the_default_is_honored
FNDA:1,_RNvNtNtCse9bfXmf7f1X_11tinymcp_bus5audit4tests_42an_empty_query_takes_the_default_page_size
FNDA:1,_RNvNtNtCse9bfXmf7f1X_11tinymcp_bus5audit4tests_45a_page_size_at_the_maximum_is_honored_exactly
FNDA:1,_RNvNtNtCse9bfXmf7f1X_11tinymcp_bus5audit4tests_45a_page_size_over_the_maximum_is_clamped_to_it
FNDA:1,_RNvNtNtCse9bfXmf7f1X_11tinymcp_bus5audit4tests_48a_new_record_decodes_without_its_optional_fields
FNDA:1,_RNvNtNtCse9bfXmf7f1X_11tinymcp_bus5audit4tests_49both_none_and_false_mean_do_not_filter_on_success
FNDA:1,_RNvNtNtCse9bfXmf7f1X_11tinymcp_bus5audit4tests_59a_blank_filter_means_no_filter_rather_than_matching_nothing
FNDA:1,_RNvNtNtCse9bfXmf7f1X_11tinymcp_bus5audit4tests_63a_zero_page_size_is_honored_rather_than_replaced_by_the_default
FNF:15
FNH:15
DA:20,1
DA:21,1
DA:22,1
DA:23,1
DA:24,1
DA:25,1
DA:26,1
DA:27,1
DA:28,1
DA:29,1
DA:30,1
DA:31,1
DA:32,1
DA:35,1
DA:38,1
DA:39,1
DA:40,1
DA:41,1
DA:42,1
DA:43,1
DA:44,1
DA:46,1
DA:48,1
DA:49,1
DA:50,1
DA:51,1
DA:54,1
DA:55,1
DA:56,1
DA:57,1
DA:58,1
DA:59,1
DA:60,1
DA:61,1
DA:63,1
DA:65,1
DA:66,1
DA:67,1
DA:74,1
DA:75,1
DA:76,1
DA:79,1
DA:80,1
DA:83,1
DA:84,3
DA:85,3
DA:86,3
DA:87,3
DA:88,3
DA:89,3
DA:90,3
DA:95,1
DA:98,1
DA:99,1
DA:100,1
DA:101,1
DA:102,1
DA:103,1
DA:104,1
DA:107,1
DA:108,1
DA:109,1
DA:110,1
DA:111,1
DA:112,1
DA:113,1
DA:116,1
DA:120,1
DA:121,1
DA:122,1
DA:123,1
DA:124,1
DA:125,1
DA:128,1
DA:129,1
DA:130,1
DA:131,1
DA:132,1
DA:133,1
DA:134,1
DA:141,1
DA:142,1
DA:143,1
DA:144,1
DA:145,1
DA:146,1
DA:148,1
DA:149,1
DA:150,1
DA:153,1
DA:155,3
DA:156,3
DA:157,3
DA:158,3
DA:159,3
DA:160,3
DA:161,3
DA:162,3
DA:164,1
DA:167,1
DA:168,1
DA:169,1
DA:170,1
DA:171,1
DA:174,1
DA:175,1
DA:177,2
DA:178,2
DA:179,2
DA:180,2
DA:181,2
DA:182,2
DA:184,1
DA:191,1
DA:192,1
DA:193,1
DA:194,1
DA:197,1
DA:198,1
DA:199,1
DA:200,1
DA:201,1
DA:202,1
DA:203,1
DA:204,1
DA:205,1
DA:206,1
DA:207,1
DA:208,1
DA:211,1
BRF:0
BRH:0
LF:130
LH:130
end_of_record
SF:/home/enamakel/work/tinymcp/worktrees/mcp-extraction/crates/tinymcp-bus/src/audit/types.rs
FN:170,_RNCNvNtNtCs9dwFA25HTVp_11tinymcp_bus5audit5types17normalized_filter0B7_
FN:119,_RNvMNtNtCs9dwFA25HTVp_11tinymcp_bus5audit5typesNtB2_17McpWriteListQuery14resolved_limit
FN:125,_RNvMNtNtCs9dwFA25HTVp_11tinymcp_bus5audit5typesNtB2_17McpWriteListQuery15resolved_offset
FN:155,_RNvMNtNtCs9dwFA25HTVp_11tinymcp_bus5audit5typesNtB2_17McpWriteListQuery20resolved_tool_filter
FN:163,_RNvMNtNtCs9dwFA25HTVp_11tinymcp_bus5audit5typesNtB2_17McpWriteListQuery21resolved_success_only
FN:147,_RNvMNtNtCs9dwFA25HTVp_11tinymcp_bus5audit5typesNtB2_17McpWriteListQuery22resolved_client_filter
FN:169,_RNvNtNtCs9dwFA25HTVp_11tinymcp_bus5audit5types17normalized_filter
FN:170,_RNCNvNtNtCse9bfXmf7f1X_11tinymcp_bus5audit5types17normalized_filter0B7_
FN:119,_RNvMNtNtCse9bfXmf7f1X_11tinymcp_bus5audit5typesNtB2_17McpWriteListQuery14resolved_limit
FN:125,_RNvMNtNtCse9bfXmf7f1X_11tinymcp_bus5audit5typesNtB2_17McpWriteListQuery15resolved_offset
FN:155,_RNvMNtNtCse9bfXmf7f1X_11tinymcp_bus5audit5typesNtB2_17McpWriteListQuery20resolved_tool_filter
FN:163,_RNvMNtNtCse9bfXmf7f1X_11tinymcp_bus5audit5typesNtB2_17McpWriteListQuery21resolved_success_only
FN:147,_RNvMNtNtCse9bfXmf7f1X_11tinymcp_bus5audit5typesNtB2_17McpWriteListQuery22resolved_client_filter
FN:169,_RNvNtNtCse9bfXmf7f1X_11tinymcp_bus5audit5types17normalized_filter
FNDA:7,_RNCNvNtNtCs9dwFA25HTVp_11tinymcp_bus5audit5types17normalized_filter0B7_
FNDA:31,_RNvMNtNtCs9dwFA25HTVp_11tinymcp_bus5audit5typesNtB2_17McpWriteListQuery14resolved_limit
FNDA:29,_RNvMNtNtCs9dwFA25HTVp_11tinymcp_bus5audit5typesNtB2_17McpWriteListQuery15resolved_offset
FNDA:29,_RNvMNtNtCs9dwFA25HTVp_11tinymcp_bus5audit5typesNtB2_17McpWriteListQuery20resolved_tool_filter
FNDA:29,_RNvMNtNtCs9dwFA25HTVp_11tinymcp_bus5audit5typesNtB2_17McpWriteListQuery21resolved_success_only
FNDA:29,_RNvMNtNtCs9dwFA25HTVp_11tinymcp_bus5audit5typesNtB2_17McpWriteListQuery22resolved_client_filter
FNDA:58,_RNvNtNtCs9dwFA25HTVp_11tinymcp_bus5audit5types17normalized_filter
FNDA:8,_RNCNvNtNtCse9bfXmf7f1X_11tinymcp_bus5audit5types17normalized_filter0B7_
FNDA:7,_RNvMNtNtCse9bfXmf7f1X_11tinymcp_bus5audit5typesNtB2_17McpWriteListQuery14resolved_limit
FNDA:2,_RNvMNtNtCse9bfXmf7f1X_11tinymcp_bus5audit5typesNtB2_17McpWriteListQuery15resolved_offset
FNDA:5,_RNvMNtNtCse9bfXmf7f1X_11tinymcp_bus5audit5typesNtB2_17McpWriteListQuery20resolved_tool_filter
FNDA:3,_RNvMNtNtCse9bfXmf7f1X_11tinymcp_bus5audit5typesNtB2_17McpWriteListQuery21resolved_success_only
FNDA:5,_RNvMNtNtCse9bfXmf7f1X_11tinymcp_bus5audit5typesNtB2_17McpWriteListQuery22resolved_client_filter
FNDA:10,_RNvNtNtCse9bfXmf7f1X_11tinymcp_bus5audit5types17normalized_filter
FNF:7
FNH:7
DA:119,38
DA:120,38
DA:121,38
DA:125,31
DA:126,31
DA:127,31
DA:147,34
DA:148,34
DA:149,34
DA:155,34
DA:156,34
DA:157,34
DA:163,32
DA:164,32
DA:165,32
DA:169,68
DA:170,68
DA:171,68
BRF:0
BRH:0
LF:19
LH:19
end_of_record
SF:/home/enamakel/work/tinymcp/worktrees/mcp-extraction/crates/tinymcp-bus/src/config/test.rs
FN:122,_RNvNtNtCse9bfXmf7f1X_11tinymcp_bus6config4tests_21auth_defaults_to_none
FN:94,_RNvNtNtCse9bfXmf7f1X_11tinymcp_bus6config4tests_30every_auth_variant_round_trips
FN:316,_RNvNtNtCse9bfXmf7f1X_11tinymcp_bus6config4tests_31a_proxy_round_trips_every_field
FN:222,_RNvNtNtCse9bfXmf7f1X_11tinymcp_bus6config4tests_38an_absent_proxy_means_connect_directly
FN:175,_RNvNtNtCse9bfXmf7f1X_11tinymcp_bus6config4tests_39server_env_serializes_in_a_stable_order
FN:203,_RNvNtNtCse9bfXmf7f1X_11tinymcp_bus6config4tests_40a_client_config_round_trips_through_json
FN:233,_RNvNtNtCse9bfXmf7f1X_11tinymcp_bus6config4tests_42identity_defaults_name_this_client_library
FN:41,_RNvNtNtCse9bfXmf7f1X_11tinymcp_bus6config4tests_43auth_basic_serializes_with_both_credentials
FN:254,_RNvNtNtCse9bfXmf7f1X_11tinymcp_bus6config4tests_43registry_auth_defaults_to_every_field_unset
FN:22,_RNvNtNtCse9bfXmf7f1X_11tinymcp_bus6config4tests_44auth_none_serializes_with_its_snake_case_tag
FN:194,_RNvNtNtCse9bfXmf7f1X_11tinymcp_bus6config4tests_45a_client_config_decodes_from_the_empty_object
FN:53,_RNvNtNtCse9bfXmf7f1X_11tinymcp_bus6config4tests_46auth_header_serializes_with_its_name_and_value
FN:241,_RNvNtNtCse9bfXmf7f1X_11tinymcp_bus6config4tests_48identity_decodes_partially_and_defaults_the_rest
FN:292,_RNvNtNtCse9bfXmf7f1X_11tinymcp_bus6config4tests_50a_redacted_registry_auth_never_serializes_a_secret
FN:140,_RNvNtNtCse9bfXmf7f1X_11tinymcp_bus6config4tests_51a_server_decodes_from_the_field_names_a_host_writes
FN:30,_RNvNtNtCse9bfXmf7f1X_11tinymcp_bus6config4tests_51auth_bearer_token_serializes_with_its_tag_and_field
FN:82,_RNvNtNtCse9bfXmf7f1X_11tinymcp_bus6config4tests_51auth_query_param_serializes_with_its_name_and_value
FN:65,_RNvNtNtCse9bfXmf7f1X_11tinymcp_bus6config4tests_53auth_headers_serializes_as_a_list_of_name_value_pairs
FN:309,_RNvNtNtCse9bfXmf7f1X_11tinymcp_bus6config4tests_54a_proxy_decodes_from_the_empty_object_with_nothing_set
FN:284,_RNvNtNtCse9bfXmf7f1X_11tinymcp_bus6config4tests_57redacting_unset_registry_auth_reports_both_secrets_absent
FN:131,_RNvNtNtCse9bfXmf7f1X_11tinymcp_bus6config4tests_62a_server_decodes_from_the_empty_object_and_takes_every_default
FN:262,_RNvNtNtCse9bfXmf7f1X_11tinymcp_bus6config4tests_73redacting_registry_auth_drops_both_secrets_and_reports_that_they_were_set
FNDA:1,_RNvNtNtCse9bfXmf7f1X_11tinymcp_bus6config4tests_21auth_defaults_to_none
FNDA:1,_RNvNtNtCse9bfXmf7f1X_11tinymcp_bus6config4tests_30every_auth_variant_round_trips
FNDA:1,_RNvNtNtCse9bfXmf7f1X_11tinymcp_bus6config4tests_31a_proxy_round_trips_every_field
FNDA:1,_RNvNtNtCse9bfXmf7f1X_11tinymcp_bus6config4tests_38an_absent_proxy_means_connect_directly
FNDA:1,_RNvNtNtCse9bfXmf7f1X_11tinymcp_bus6config4tests_39server_env_serializes_in_a_stable_order
FNDA:1,_RNvNtNtCse9bfXmf7f1X_11tinymcp_bus6config4tests_40a_client_config_round_trips_through_json
FNDA:1,_RNvNtNtCse9bfXmf7f1X_11tinymcp_bus6config4tests_42identity_defaults_name_this_client_library
FNDA:1,_RNvNtNtCse9bfXmf7f1X_11tinymcp_bus6config4tests_43auth_basic_serializes_with_both_credentials
FNDA:1,_RNvNtNtCse9bfXmf7f1X_11tinymcp_bus6config4tests_43registry_auth_defaults_to_every_field_unset
FNDA:1,_RNvNtNtCse9bfXmf7f1X_11tinymcp_bus6config4tests_44auth_none_serializes_with_its_snake_case_tag
FNDA:1,_RNvNtNtCse9bfXmf7f1X_11tinymcp_bus6config4tests_45a_client_config_decodes_from_the_empty_object
FNDA:1,_RNvNtNtCse9bfXmf7f1X_11tinymcp_bus6config4tests_46auth_header_serializes_with_its_name_and_value
FNDA:1,_RNvNtNtCse9bfXmf7f1X_11tinymcp_bus6config4tests_48identity_decodes_partially_and_defaults_the_rest
FNDA:1,_RNvNtNtCse9bfXmf7f1X_11tinymcp_bus6config4tests_50a_redacted_registry_auth_never_serializes_a_secret
FNDA:1,_RNvNtNtCse9bfXmf7f1X_11tinymcp_bus6config4tests_51a_server_decodes_from_the_field_names_a_host_writes
FNDA:1,_RNvNtNtCse9bfXmf7f1X_11tinymcp_bus6config4tests_51auth_bearer_token_serializes_with_its_tag_and_field
FNDA:1,_RNvNtNtCse9bfXmf7f1X_11tinymcp_bus6config4tests_51auth_query_param_serializes_with_its_name_and_value
FNDA:1,_RNvNtNtCse9bfXmf7f1X_11tinymcp_bus6config4tests_53auth_headers_serializes_as_a_list_of_name_value_pairs
FNDA:1,_RNvNtNtCse9bfXmf7f1X_11tinymcp_bus6config4tests_54a_proxy_decodes_from_the_empty_object_with_nothing_set
FNDA:1,_RNvNtNtCse9bfXmf7f1X_11tinymcp_bus6config4tests_57redacting_unset_registry_auth_reports_both_secrets_absent
FNDA:1,_RNvNtNtCse9bfXmf7f1X_11tinymcp_bus6config4tests_62a_server_decodes_from_the_empty_object_and_takes_every_default
FNDA:1,_RNvNtNtCse9bfXmf7f1X_11tinymcp_bus6config4tests_73redacting_registry_auth_drops_both_secrets_and_reports_that_they_were_set
FNF:22
FNH:22
DA:22,1
DA:23,1
DA:24,1
DA:25,1
DA:27,1
DA:30,1
DA:31,1
DA:32,1
DA:33,1
DA:34,1
DA:35,1
DA:36,1
DA:38,1
DA:41,1
DA:42,1
DA:43,1
DA:44,1
DA:45,1
DA:46,1
DA:47,1
DA:48,1
DA:50,1
DA:53,1
DA:54,1
DA:55,1
DA:56,1
DA:57,1
DA:58,1
DA:59,1
DA:60,1
DA:62,1
DA:65,1
DA:66,1
DA:67,1
DA:68,1
DA:69,1
DA:70,1
DA:71,1
DA:72,1
DA:73,1
DA:74,1
DA:75,1
DA:79,1
DA:82,1
DA:83,1
DA:84,1
DA:85,1
DA:86,1
DA:87,1
DA:88,1
DA:89,1
DA:91,1
DA:94,1
DA:95,1
DA:96,1
DA:97,1
DA:98,1
DA:99,1
DA:100,1
DA:101,1
DA:102,1
DA:103,1
DA:104,1
DA:105,1
DA:106,1
DA:107,1
DA:108,1
DA:109,1
DA:110,1
DA:111,1
DA:112,1
DA:113,1
DA:114,6
DA:115,6
DA:116,6
DA:117,6
DA:119,1
DA:122,1
DA:123,1
DA:124,1
DA:131,1
DA:132,1
DA:133,1
DA:134,1
DA:135,1
DA:136,1
DA:137,1
DA:140,1
DA:141,1
DA:142,1
DA:143,1
DA:144,1
DA:145,1
DA:146,1
DA:147,1
DA:148,1
DA:149,1
DA:150,1
DA:151,1
DA:152,1
DA:153,1
DA:155,1
DA:157,1
DA:158,1
DA:159,1
DA:160,1
DA:161,1
DA:162,1
DA:163,1
DA:164,1
DA:165,1
DA:166,1
DA:167,1
DA:168,1
DA:170,1
DA:172,1
DA:175,1
DA:180,1
DA:181,1
DA:182,1
DA:183,1
DA:185,1
DA:186,1
DA:187,1
DA:194,1
DA:195,1
DA:196,1
DA:197,1
DA:198,1
DA:199,1
DA:200,1
DA:203,1
DA:204,1
DA:205,1
DA:206,1
DA:207,1
DA:208,1
DA:209,1
DA:210,1
DA:211,1
DA:212,1
DA:213,1
DA:214,1
DA:216,1
DA:217,1
DA:218,1
DA:219,1
DA:222,1
DA:223,1
DA:224,1
DA:225,1
DA:226,1
DA:233,1
DA:234,1
DA:235,1
DA:236,1
DA:237,1
DA:238,1
DA:241,1
DA:242,1
DA:243,1
DA:244,1
DA:245,1
DA:246,1
DA:247,1
DA:254,1
DA:255,1
DA:256,1
DA:257,1
DA:258,1
DA:259,1
DA:262,1
DA:263,1
DA:264,1
DA:265,1
DA:266,1
DA:267,1
DA:269,1
DA:271,1
DA:272,1
DA:273,1
DA:274,1
DA:277,1
DA:278,1
DA:281,1
DA:284,1
DA:285,1
DA:286,1
DA:287,1
DA:288,1
DA:289,1
DA:292,1
DA:293,1
DA:294,1
DA:295,1
DA:296,1
DA:297,1
DA:298,1
DA:299,1
DA:300,1
DA:301,1
DA:302,1
DA:309,1
DA:310,1
DA:311,1
DA:312,1
DA:313,1
DA:316,1
DA:317,1
DA:318,1
DA:319,1
DA:320,1
DA:321,1
DA:322,1
DA:323,1
DA:324,1
DA:325,1
DA:326,1
BRF:0
BRH:0
LF:218
LH:218
end_of_record
SF:/home/enamakel/work/tinymcp/worktrees/mcp-extraction/crates/tinymcp-bus/src/config/types.rs
FN:167,_RINvMs0_NtNtCs9dwFA25HTVp_11tinymcp_bus6config5typesNtB6_10HttpHeader3newRNtNtCscHgRw1M2fX5_5alloc6string6StringB19_ECs1bHeDLROZC4_7tinymcp
FN:318,_RNvMs2_NtNtCs9dwFA25HTVp_11tinymcp_bus6config5typesNtB5_21McpRegistryAuthConfig8redacted
FN:16,_RNvNtNtCs9dwFA25HTVp_11tinymcp_bus6config5types12default_true
FN:243,_RNvNtNtCs9dwFA25HTVp_11tinymcp_bus6config5types19default_client_name
FN:247,_RNvNtNtCs9dwFA25HTVp_11tinymcp_bus6config5types20default_client_title
FN:21,_RNvNtNtCs9dwFA25HTVp_11tinymcp_bus6config5types20default_timeout_secs
FN:257,_RNvNtNtCs9dwFA25HTVp_11tinymcp_bus6config5types22default_client_version
FN:56,_RNvXNtNtCs9dwFA25HTVp_11tinymcp_bus6config5typesNtB2_15McpClientConfigNtNtCsc36rpYXAlPq_4core7default7Default7default
FN:262,_RNvXs1_NtNtCs9dwFA25HTVp_11tinymcp_bus6config5typesNtB5_23McpClientIdentityConfigNtNtCsc36rpYXAlPq_4core7default7Default7default
FN:128,_RNvXs_NtNtCs9dwFA25HTVp_11tinymcp_bus6config5typesNtB4_15McpServerConfigNtNtCsc36rpYXAlPq_4core7default7Default7default
FN:167,_RINvMs0_NtNtCs9dwFA25HTVp_11tinymcp_bus6config5typesNtB6_10HttpHeader3newppEBa_
FN:167,_RINvMs0_NtNtCs9dwFA25HTVp_11tinymcp_bus6config5typesNtB6_10HttpHeader3newRNtNtCscHgRw1M2fX5_5alloc6string6StringB19_ECs7oZQ2EfWAJr_7tinymcp
FN:167,_RINvMs0_NtNtCs9dwFA25HTVp_11tinymcp_bus6config5typesNtB6_10HttpHeader3newReB19_ECs7oZQ2EfWAJr_7tinymcp
FN:167,_RINvMs0_NtNtCse9bfXmf7f1X_11tinymcp_bus6config5typesNtB6_10HttpHeader3newReB19_EBa_
FN:318,_RNvMs2_NtNtCse9bfXmf7f1X_11tinymcp_bus6config5typesNtB5_21McpRegistryAuthConfig8redacted
FN:16,_RNvNtNtCse9bfXmf7f1X_11tinymcp_bus6config5types12default_true
FN:243,_RNvNtNtCse9bfXmf7f1X_11tinymcp_bus6config5types19default_client_name
FN:247,_RNvNtNtCse9bfXmf7f1X_11tinymcp_bus6config5types20default_client_title
FN:21,_RNvNtNtCse9bfXmf7f1X_11tinymcp_bus6config5types20default_timeout_secs
FN:257,_RNvNtNtCse9bfXmf7f1X_11tinymcp_bus6config5types22default_client_version
FN:56,_RNvXNtNtCse9bfXmf7f1X_11tinymcp_bus6config5typesNtB2_15McpClientConfigNtNtCsc36rpYXAlPq_4core7default7Default7default
FN:262,_RNvXs1_NtNtCse9bfXmf7f1X_11tinymcp_bus6config5typesNtB5_23McpClientIdentityConfigNtNtCsc36rpYXAlPq_4core7default7Default7default
FN:128,_RNvXs_NtNtCse9bfXmf7f1X_11tinymcp_bus6config5typesNtB4_15McpServerConfigNtNtCsc36rpYXAlPq_4core7default7Default7default
FNDA:0,_RINvMs0_NtNtCs9dwFA25HTVp_11tinymcp_bus6config5typesNtB6_10HttpHeader3newRNtNtCscHgRw1M2fX5_5alloc6string6StringB19_ECs1bHeDLROZC4_7tinymcp
FNDA:0,_RNvMs2_NtNtCs9dwFA25HTVp_11tinymcp_bus6config5typesNtB5_21McpRegistryAuthConfig8redacted
FNDA:126,_RNvNtNtCs9dwFA25HTVp_11tinymcp_bus6config5types12default_true
FNDA:338,_RNvNtNtCs9dwFA25HTVp_11tinymcp_bus6config5types19default_client_name
FNDA:338,_RNvNtNtCs9dwFA25HTVp_11tinymcp_bus6config5types20default_client_title
FNDA:47,_RNvNtNtCs9dwFA25HTVp_11tinymcp_bus6config5types20default_timeout_secs
FNDA:338,_RNvNtNtCs9dwFA25HTVp_11tinymcp_bus6config5types22default_client_version
FNDA:79,_RNvXNtNtCs9dwFA25HTVp_11tinymcp_bus6config5typesNtB2_15McpClientConfigNtNtCsc36rpYXAlPq_4core7default7Default7default
FNDA:338,_RNvXs1_NtNtCs9dwFA25HTVp_11tinymcp_bus6config5typesNtB5_23McpClientIdentityConfigNtNtCsc36rpYXAlPq_4core7default7Default7default
FNDA:47,_RNvXs_NtNtCs9dwFA25HTVp_11tinymcp_bus6config5typesNtB4_15McpServerConfigNtNtCsc36rpYXAlPq_4core7default7Default7default
FNDA:0,_RINvMs0_NtNtCs9dwFA25HTVp_11tinymcp_bus6config5typesNtB6_10HttpHeader3newppEBa_
FNDA:12,_RINvMs0_NtNtCs9dwFA25HTVp_11tinymcp_bus6config5typesNtB6_10HttpHeader3newRNtNtCscHgRw1M2fX5_5alloc6string6StringB19_ECs7oZQ2EfWAJr_7tinymcp
FNDA:2,_RINvMs0_NtNtCs9dwFA25HTVp_11tinymcp_bus6config5typesNtB6_10HttpHeader3newReB19_ECs7oZQ2EfWAJr_7tinymcp
FNDA:3,_RINvMs0_NtNtCse9bfXmf7f1X_11tinymcp_bus6config5typesNtB6_10HttpHeader3newReB19_EBa_
FNDA:3,_RNvMs2_NtNtCse9bfXmf7f1X_11tinymcp_bus6config5typesNtB5_21McpRegistryAuthConfig8redacted
FNDA:13,_RNvNtNtCse9bfXmf7f1X_11tinymcp_bus6config5types12default_true
FNDA:10,_RNvNtNtCse9bfXmf7f1X_11tinymcp_bus6config5types19default_client_name
FNDA:11,_RNvNtNtCse9bfXmf7f1X_11tinymcp_bus6config5types20default_client_title
FNDA:7,_RNvNtNtCse9bfXmf7f1X_11tinymcp_bus6config5types20default_timeout_secs
FNDA:11,_RNvNtNtCse9bfXmf7f1X_11tinymcp_bus6config5types22default_client_version
FNDA:4,_RNvXNtNtCse9bfXmf7f1X_11tinymcp_bus6config5typesNtB2_15McpClientConfigNtNtCsc36rpYXAlPq_4core7default7Default7default
FNDA:10,_RNvXs1_NtNtCse9bfXmf7f1X_11tinymcp_bus6config5typesNtB5_23McpClientIdentityConfigNtNtCsc36rpYXAlPq_4core7default7Default7default
FNDA:6,_RNvXs_NtNtCse9bfXmf7f1X_11tinymcp_bus6config5typesNtB4_15McpServerConfigNtNtCsc36rpYXAlPq_4core7default7Default7default
FNF:10
FNH:10
DA:16,139
DA:17,139
DA:18,139
DA:21,54
DA:22,54
DA:23,54
DA:56,83
DA:57,83
DA:58,83
DA:59,83
DA:60,83
DA:61,83
DA:62,83
DA:63,83
DA:64,83
DA:128,53
DA:129,53
DA:130,53
DA:131,53
DA:132,53
DA:133,53
DA:134,53
DA:135,53
DA:136,53
DA:137,53
DA:138,53
DA:139,53
DA:140,53
DA:141,53
DA:142,53
DA:143,53
DA:167,17
DA:168,17
DA:169,17
DA:170,17
DA:171,17
DA:172,17
DA:243,348
DA:244,348
DA:245,348
DA:247,349
DA:248,349
DA:249,349
DA:257,349
DA:258,349
DA:259,349
DA:262,348
DA:263,348
DA:264,348
DA:265,348
DA:266,348
DA:267,348
DA:268,348
DA:318,3
DA:319,3
DA:320,3
DA:321,3
DA:322,3
DA:323,3
DA:324,3
DA:325,3
DA:326,3
DA:327,3
DA:328,3
DA:329,3
DA:330,3
BRF:0
BRH:0
LF:66
LH:66
end_of_record
SF:/home/enamakel/work/tinymcp/worktrees/mcp-extraction/crates/tinymcp-bus/src/names/test.rs
FN:38,_RNCNvNtNtCse9bfXmf7f1X_11tinymcp_bus5names4tests_23no_member_name_is_empty0B7_
FN:53,_RNCNvNtNtCse9bfXmf7f1X_11tinymcp_bus5names4tests_32every_member_name_is_pascal_case0B7_
FN:37,_RNvNtNtCse9bfXmf7f1X_11tinymcp_bus5names4tests_23no_member_name_is_empty
FN:20,_RNvNtNtCse9bfXmf7f1X_11tinymcp_bus5names4tests_23the_interface_is_pinned
FN:42,_RNvNtNtCse9bfXmf7f1X_11tinymcp_bus5names4tests_32every_member_name_is_pascal_case
FN:28,_RNvNtNtCse9bfXmf7f1X_11tinymcp_bus5names4tests_35every_member_is_listed_exactly_once
FN:134,_RNvNtNtCse9bfXmf7f1X_11tinymcp_bus5names4tests_39the_audit_members_are_named_as_a_family
FN:100,_RNvNtNtCse9bfXmf7f1X_11tinymcp_bus5names4tests_39the_setup_members_are_named_as_a_family
FN:120,_RNvNtNtCse9bfXmf7f1X_11tinymcp_bus5names4tests_40the_static_members_are_named_as_a_family
FN:60,_RNvNtNtCse9bfXmf7f1X_11tinymcp_bus5names4tests_44the_method_table_holds_every_declared_member
FN:14,_RNvNtNtCse9bfXmf7f1X_11tinymcp_bus5names4tests_45the_object_path_is_the_interface_in_path_form
FNDA:28,_RNCNvNtNtCse9bfXmf7f1X_11tinymcp_bus5names4tests_23no_member_name_is_empty0B7_
FNDA:348,_RNCNvNtNtCse9bfXmf7f1X_11tinymcp_bus5names4tests_32every_member_name_is_pascal_case0B7_
FNDA:1,_RNvNtNtCse9bfXmf7f1X_11tinymcp_bus5names4tests_23no_member_name_is_empty
FNDA:1,_RNvNtNtCse9bfXmf7f1X_11tinymcp_bus5names4tests_23the_interface_is_pinned
FNDA:1,_RNvNtNtCse9bfXmf7f1X_11tinymcp_bus5names4tests_32every_member_name_is_pascal_case
FNDA:1,_RNvNtNtCse9bfXmf7f1X_11tinymcp_bus5names4tests_35every_member_is_listed_exactly_once
FNDA:1,_RNvNtNtCse9bfXmf7f1X_11tinymcp_bus5names4tests_39the_audit_members_are_named_as_a_family
FNDA:1,_RNvNtNtCse9bfXmf7f1X_11tinymcp_bus5names4tests_39the_setup_members_are_named_as_a_family
FNDA:1,_RNvNtNtCse9bfXmf7f1X_11tinymcp_bus5names4tests_40the_static_members_are_named_as_a_family
FNDA:1,_RNvNtNtCse9bfXmf7f1X_11tinymcp_bus5names4tests_44the_method_table_holds_every_declared_member
FNDA:1,_RNvNtNtCse9bfXmf7f1X_11tinymcp_bus5names4tests_45the_object_path_is_the_interface_in_path_form
FNF:11
FNH:11
DA:14,1
DA:15,1
DA:16,1
DA:17,1
DA:20,1
DA:23,1
DA:24,1
DA:25,1
DA:28,1
DA:29,1
DA:30,1
DA:31,1
DA:32,1
DA:33,1
DA:34,1
DA:37,1
DA:38,28
DA:39,1
DA:42,1
DA:45,28
DA:46,28
DA:47,28
DA:48,28
DA:49,28
DA:52,28
DA:53,348
DA:57,1
DA:60,1
DA:64,1
DA:97,1
DA:100,1
DA:104,6
DA:105,1
DA:106,1
DA:107,1
DA:108,1
DA:109,1
DA:110,1
DA:111,1
DA:112,6
DA:113,6
DA:117,1
DA:120,1
DA:121,3
DA:122,1
DA:123,1
DA:124,1
DA:125,1
DA:126,3
DA:127,3
DA:131,1
DA:134,1
DA:135,2
DA:136,2
DA:137,2
DA:141,1
BRF:0
BRH:0
LF:58
LH:58
end_of_record
SF:/home/enamakel/work/tinymcp/worktrees/mcp-extraction/crates/tinymcp-bus/src/registry/test.rs
FN:25,_RNvNtNtCse9bfXmf7f1X_11tinymcp_bus8registry4test19an_installed_server
FN:199,_RNvNtNtCse9bfXmf7f1X_11tinymcp_bus8registry4tests_22an_install_round_trips
FN:598,_RNvNtNtCse9bfXmf7f1X_11tinymcp_bus8registry4tests_23a_chat_turn_round_trips
FN:221,_RNvNtNtCse9bfXmf7f1X_11tinymcp_bus8registry4tests_26a_tool_needs_only_its_name
FN:275,_RNvNtNtCse9bfXmf7f1X_11tinymcp_bus8registry4tests_26auth_hint_codes_are_pinned
FN:56,_RNvNtNtCse9bfXmf7f1X_11tinymcp_bus8registry4tests_31command_kind_strings_are_pinned
FN:247,_RNvNtNtCse9bfXmf7f1X_11tinymcp_bus8registry4tests_32server_status_strings_are_pinned
FN:73,_RNvNtNtCse9bfXmf7f1X_11tinymcp_bus8registry4tests_33command_kind_serializes_lowercase
FN:85,_RNvNtNtCse9bfXmf7f1X_11tinymcp_bus8registry4tests_35transport_dispatch_kinds_are_pinned
FN:516,_RNvNtNtCse9bfXmf7f1X_11tinymcp_bus8registry4tests_37a_detail_always_serializes_snake_case
FN:484,_RNvNtNtCse9bfXmf7f1X_11tinymcp_bus8registry4tests_38a_summary_always_serializes_snake_case
FN:227,_RNvNtNtCse9bfXmf7f1X_11tinymcp_bus8registry4tests_38an_overview_round_trips_with_its_tools
FN:63,_RNvNtNtCse9bfXmf7f1X_11tinymcp_bus8registry4tests_41an_unrecognised_command_kind_becomes_node
FN:286,_RNvNtNtCse9bfXmf7f1X_11tinymcp_bus8registry4tests_42every_auth_hint_serializes_to_its_own_code
FN:432,_RNvNtNtCse9bfXmf7f1X_11tinymcp_bus8registry4tests_43a_summary_decodes_from_smitherys_camel_case
FN:142,_RNvNtNtCse9bfXmf7f1X_11tinymcp_bus8registry4tests_45transport_round_trips_through_its_tagged_json
FN:578,_RNvNtNtCse9bfXmf7f1X_11tinymcp_bus8registry4tests_47unmodelled_upstream_fields_survive_a_round_trip
FN:257,_RNvNtNtCse9bfXmf7f1X_11tinymcp_bus8registry4tests_48every_server_status_serializes_to_its_own_string
FN:163,_RNvNtNtCse9bfXmf7f1X_11tinymcp_bus8registry4tests_49an_install_serializes_env_key_names_and_no_values
FN:572,_RNvNtNtCse9bfXmf7f1X_11tinymcp_bus8registry4tests_50a_list_response_with_no_pagination_reads_as_zeroes
FN:355,_RNvNtNtCse9bfXmf7f1X_11tinymcp_bus8registry4tests_50a_status_carrying_a_hint_serializes_it_as_its_code
FN:316,_RNvNtNtCse9bfXmf7f1X_11tinymcp_bus8registry4tests_52a_refused_credential_is_reported_as_a_rejected_token
FN:469,_RNvNtNtCse9bfXmf7f1X_11tinymcp_bus8registry4tests_52a_summary_tolerates_everything_optional_being_absent
FN:553,_RNvNtNtCse9bfXmf7f1X_11tinymcp_bus8registry4tests_53a_list_response_parses_its_pagination_from_camel_case
FN:379,_RNvNtNtCse9bfXmf7f1X_11tinymcp_bus8registry4tests_53a_summary_never_takes_its_trust_signals_from_the_wire
FN:49,_RNvNtNtCse9bfXmf7f1X_11tinymcp_bus8registry4tests_53command_kind_round_trips_through_its_persisted_string
FN:324,_RNvNtNtCse9bfXmf7f1X_11tinymcp_bus8registry4tests_54a_missing_credential_is_reported_as_one_being_required
FN:453,_RNvNtNtCse9bfXmf7f1X_11tinymcp_bus8registry4tests_55a_summary_decodes_from_the_official_adapters_snake_case
FN:110,_RNvNtNtCse9bfXmf7f1X_11tinymcp_bus8registry4tests_55transport_parse_carries_the_url_through_for_http_remote
FN:120,_RNvNtNtCse9bfXmf7f1X_11tinymcp_bus8registry4tests_59an_http_remote_transport_with_no_url_parses_to_an_empty_one
FN:413,_RNvNtNtCse9bfXmf7f1X_11tinymcp_bus8registry4tests_60a_summary_still_serializes_the_trust_signals_the_adapter_set
FN:301,_RNvNtNtCse9bfXmf7f1X_11tinymcp_bus8registry4tests_60an_advertised_oauth_challenge_outranks_a_supplied_credential
FN:130,_RNvNtNtCse9bfXmf7f1X_11tinymcp_bus8registry4tests_60the_deployment_url_accessor_never_crosses_the_two_transports
FN:99,_RNvNtNtCse9bfXmf7f1X_11tinymcp_bus8registry4tests_61transport_parse_falls_back_to_stdio_for_anything_unrecognised
FN:530,_RNvNtNtCse9bfXmf7f1X_11tinymcp_bus8registry4tests_62a_connection_decodes_from_camel_case_and_serializes_snake_case
FN:336,_RNvNtNtCse9bfXmf7f1X_11tinymcp_bus8registry4tests_64a_status_serializes_its_state_lowercase_and_omits_an_absent_hint
FN:174,_RNvNtNtCse9bfXmf7f1X_11tinymcp_bus8registry4tests_67an_install_from_before_the_transport_and_enabled_fields_still_loads
FN:396,_RNvNtNtCse9bfXmf7f1X_11tinymcp_bus8registry4tests_78a_summary_never_takes_its_trust_signals_from_their_camel_case_spellings_either
FNDA:2,_RNvNtNtCse9bfXmf7f1X_11tinymcp_bus8registry4test19an_installed_server
FNDA:1,_RNvNtNtCse9bfXmf7f1X_11tinymcp_bus8registry4tests_22an_install_round_trips
FNDA:1,_RNvNtNtCse9bfXmf7f1X_11tinymcp_bus8registry4tests_23a_chat_turn_round_trips
FNDA:1,_RNvNtNtCse9bfXmf7f1X_11tinymcp_bus8registry4tests_26a_tool_needs_only_its_name
FNDA:1,_RNvNtNtCse9bfXmf7f1X_11tinymcp_bus8registry4tests_26auth_hint_codes_are_pinned
FNDA:1,_RNvNtNtCse9bfXmf7f1X_11tinymcp_bus8registry4tests_31command_kind_strings_are_pinned
FNDA:1,_RNvNtNtCse9bfXmf7f1X_11tinymcp_bus8registry4tests_32server_status_strings_are_pinned
FNDA:1,_RNvNtNtCse9bfXmf7f1X_11tinymcp_bus8registry4tests_33command_kind_serializes_lowercase
FNDA:1,_RNvNtNtCse9bfXmf7f1X_11tinymcp_bus8registry4tests_35transport_dispatch_kinds_are_pinned
FNDA:1,_RNvNtNtCse9bfXmf7f1X_11tinymcp_bus8registry4tests_37a_detail_always_serializes_snake_case
FNDA:1,_RNvNtNtCse9bfXmf7f1X_11tinymcp_bus8registry4tests_38a_summary_always_serializes_snake_case
FNDA:1,_RNvNtNtCse9bfXmf7f1X_11tinymcp_bus8registry4tests_38an_overview_round_trips_with_its_tools
FNDA:1,_RNvNtNtCse9bfXmf7f1X_11tinymcp_bus8registry4tests_41an_unrecognised_command_kind_becomes_node
FNDA:1,_RNvNtNtCse9bfXmf7f1X_11tinymcp_bus8registry4tests_42every_auth_hint_serializes_to_its_own_code
FNDA:1,_RNvNtNtCse9bfXmf7f1X_11tinymcp_bus8registry4tests_43a_summary_decodes_from_smitherys_camel_case
FNDA:1,_RNvNtNtCse9bfXmf7f1X_11tinymcp_bus8registry4tests_45transport_round_trips_through_its_tagged_json
FNDA:1,_RNvNtNtCse9bfXmf7f1X_11tinymcp_bus8registry4tests_47unmodelled_upstream_fields_survive_a_round_trip
FNDA:1,_RNvNtNtCse9bfXmf7f1X_11tinymcp_bus8registry4tests_48every_server_status_serializes_to_its_own_string
FNDA:1,_RNvNtNtCse9bfXmf7f1X_11tinymcp_bus8registry4tests_49an_install_serializes_env_key_names_and_no_values
FNDA:1,_RNvNtNtCse9bfXmf7f1X_11tinymcp_bus8registry4tests_50a_list_response_with_no_pagination_reads_as_zeroes
FNDA:1,_RNvNtNtCse9bfXmf7f1X_11tinymcp_bus8registry4tests_50a_status_carrying_a_hint_serializes_it_as_its_code
FNDA:1,_RNvNtNtCse9bfXmf7f1X_11tinymcp_bus8registry4tests_52a_refused_credential_is_reported_as_a_rejected_token
FNDA:1,_RNvNtNtCse9bfXmf7f1X_11tinymcp_bus8registry4tests_52a_summary_tolerates_everything_optional_being_absent
FNDA:1,_RNvNtNtCse9bfXmf7f1X_11tinymcp_bus8registry4tests_53a_list_response_parses_its_pagination_from_camel_case
FNDA:1,_RNvNtNtCse9bfXmf7f1X_11tinymcp_bus8registry4tests_53a_summary_never_takes_its_trust_signals_from_the_wire
FNDA:1,_RNvNtNtCse9bfXmf7f1X_11tinymcp_bus8registry4tests_53command_kind_round_trips_through_its_persisted_string
FNDA:1,_RNvNtNtCse9bfXmf7f1X_11tinymcp_bus8registry4tests_54a_missing_credential_is_reported_as_one_being_required
FNDA:1,_RNvNtNtCse9bfXmf7f1X_11tinymcp_bus8registry4tests_55a_summary_decodes_from_the_official_adapters_snake_case
FNDA:1,_RNvNtNtCse9bfXmf7f1X_11tinymcp_bus8registry4tests_55transport_parse_carries_the_url_through_for_http_remote
FNDA:1,_RNvNtNtCse9bfXmf7f1X_11tinymcp_bus8registry4tests_59an_http_remote_transport_with_no_url_parses_to_an_empty_one
FNDA:1,_RNvNtNtCse9bfXmf7f1X_11tinymcp_bus8registry4tests_60a_summary_still_serializes_the_trust_signals_the_adapter_set
FNDA:1,_RNvNtNtCse9bfXmf7f1X_11tinymcp_bus8registry4tests_60an_advertised_oauth_challenge_outranks_a_supplied_credential
FNDA:1,_RNvNtNtCse9bfXmf7f1X_11tinymcp_bus8registry4tests_60the_deployment_url_accessor_never_crosses_the_two_transports
FNDA:1,_RNvNtNtCse9bfXmf7f1X_11tinymcp_bus8registry4tests_61transport_parse_falls_back_to_stdio_for_anything_unrecognised
FNDA:1,_RNvNtNtCse9bfXmf7f1X_11tinymcp_bus8registry4tests_62a_connection_decodes_from_camel_case_and_serializes_snake_case
FNDA:1,_RNvNtNtCse9bfXmf7f1X_11tinymcp_bus8registry4tests_64a_status_serializes_its_state_lowercase_and_omits_an_absent_hint
FNDA:1,_RNvNtNtCse9bfXmf7f1X_11tinymcp_bus8registry4tests_67an_install_from_before_the_transport_and_enabled_fields_still_loads
FNDA:1,_RNvNtNtCse9bfXmf7f1X_11tinymcp_bus8registry4tests_78a_summary_never_takes_its_trust_signals_from_their_camel_case_spellings_either
FNF:38
FNH:38
DA:25,2
DA:26,2
DA:27,2
DA:28,2
DA:29,2
DA:30,2
DA:31,2
DA:32,2
DA:33,2
DA:34,2
DA:35,2
DA:36,2
DA:37,2
DA:38,2
DA:39,2
DA:40,2
DA:41,2
DA:42,2
DA:49,1
DA:50,3
DA:51,3
DA:53,1
DA:56,1
DA:57,1
DA:58,1
DA:59,1
DA:60,1
DA:63,1
DA:67,1
DA:68,1
DA:69,1
DA:70,1
DA:73,1
DA:74,1
DA:75,1
DA:76,1
DA:78,1
DA:85,1
DA:88,1
DA:89,1
DA:90,1
DA:91,1
DA:92,1
DA:93,1
DA:96,1
DA:99,1
DA:100,1
DA:101,1
DA:103,1
DA:106,1
DA:107,1
DA:110,1
DA:111,1
DA:112,1
DA:113,1
DA:114,1
DA:115,1
DA:117,1
DA:120,1
DA:123,1
DA:124,1
DA:125,1
DA:127,1
DA:130,1
DA:131,1
DA:132,1
DA:133,1
DA:134,1
DA:135,1
DA:136,1
DA:139,1
DA:142,1
DA:143,2
DA:144,1
DA:145,1
DA:146,1
DA:147,1
DA:148,1
DA:149,2
DA:150,2
DA:151,2
DA:152,2
DA:156,1
DA:163,1
DA:164,1
DA:165,1
DA:166,1
DA:167,1
DA:170,1
DA:171,1
DA:174,1
DA:178,1
DA:179,1
DA:180,1
DA:181,1
DA:182,1
DA:183,1
DA:184,1
DA:185,1
DA:186,1
DA:187,1
DA:188,1
DA:189,1
DA:190,1
DA:193,1
DA:194,1
DA:195,1
DA:196,1
DA:199,1
DA:200,1
DA:201,1
DA:202,1
DA:203,1
DA:204,1
DA:205,1
DA:206,1
DA:207,1
DA:208,1
DA:209,1
DA:210,1
DA:211,1
DA:214,1
DA:221,1
DA:222,1
DA:223,1
DA:224,1
DA:227,1
DA:228,1
DA:229,1
DA:230,1
DA:231,1
DA:232,1
DA:233,1
DA:234,1
DA:235,1
DA:236,1
DA:237,1
DA:240,1
DA:247,1
DA:248,1
DA:249,1
DA:250,1
DA:251,1
DA:252,1
DA:253,1
DA:254,1
DA:257,1
DA:258,6
DA:259,1
DA:260,1
DA:261,1
DA:262,1
DA:263,1
DA:264,1
DA:265,1
DA:266,6
DA:267,6
DA:268,6
DA:272,1
DA:275,1
DA:277,1
DA:278,1
DA:279,1
DA:280,1
DA:283,1
DA:286,1
DA:287,3
DA:288,1
DA:289,1
DA:290,1
DA:291,1
DA:292,3
DA:293,3
DA:294,3
DA:298,1
DA:301,1
DA:305,1
DA:306,1
DA:309,1
DA:310,1
DA:313,1
DA:316,1
DA:317,1
DA:318,1
DA:321,1
DA:324,1
DA:325,1
DA:326,1
DA:329,1
DA:336,1
DA:337,1
DA:338,1
DA:339,1
DA:340,1
DA:341,1
DA:342,1
DA:343,1
DA:344,1
DA:345,1
DA:346,1
DA:347,1
DA:348,1
DA:349,1
DA:352,1
DA:355,1
DA:356,1
DA:357,1
DA:358,1
DA:359,1
DA:360,1
DA:361,1
DA:362,1
DA:363,1
DA:364,1
DA:365,1
DA:366,1
DA:367,1
DA:368,1
DA:369,1
DA:372,1
DA:379,1
DA:383,1
DA:384,1
DA:385,1
DA:386,1
DA:387,1
DA:389,1
DA:391,1
DA:392,1
DA:393,1
DA:396,1
DA:397,1
DA:398,1
DA:399,1
DA:400,1
DA:401,1
DA:403,1
DA:405,1
DA:406,1
DA:409,1
DA:410,1
DA:413,1
DA:414,1
DA:415,1
DA:416,1
DA:418,1
DA:419,1
DA:420,1
DA:422,1
DA:423,1
DA:424,1
DA:425,1
DA:432,1
DA:433,1
DA:434,1
DA:435,1
DA:436,1
DA:437,1
DA:438,1
DA:440,1
DA:442,1
DA:443,1
DA:444,1
DA:445,1
DA:448,1
DA:449,1
DA:450,1
DA:453,1
DA:454,1
DA:455,1
DA:456,1
DA:457,1
DA:458,1
DA:459,1
DA:461,1
DA:463,1
DA:464,1
DA:465,1
DA:466,1
DA:469,1
DA:470,1
DA:471,1
DA:472,1
DA:474,1
DA:476,1
DA:477,1
DA:478,1
DA:479,1
DA:480,1
DA:481,1
DA:484,1
DA:485,1
DA:486,1
DA:487,1
DA:488,1
DA:489,1
DA:490,1
DA:492,1
DA:494,1
DA:495,5
DA:496,1
DA:497,1
DA:498,1
DA:499,1
DA:500,1
DA:501,1
DA:502,5
DA:504,5
DA:505,1
DA:506,1
DA:507,1
DA:508,1
DA:509,1
DA:510,1
DA:511,5
DA:513,1
DA:516,1
DA:517,1
DA:518,1
DA:519,1
DA:521,1
DA:523,1
DA:524,1
DA:525,1
DA:526,1
DA:527,1
DA:530,1
DA:531,1
DA:532,1
DA:533,1
DA:534,1
DA:535,1
DA:536,1
DA:538,1
DA:540,1
DA:541,1
DA:542,1
DA:543,1
DA:545,1
DA:546,3
DA:547,3
DA:549,1
DA:550,1
DA:553,1
DA:554,1
DA:555,1
DA:556,1
DA:557,1
DA:558,1
DA:559,1
DA:560,1
DA:563,1
DA:565,1
DA:566,1
DA:567,1
DA:568,1
DA:569,1
DA:572,1
DA:573,1
DA:574,1
DA:575,1
DA:578,1
DA:581,1
DA:582,1
DA:583,1
DA:584,1
DA:586,1
DA:588,1
DA:589,1
DA:590,1
DA:591,1
DA:598,1
DA:599,1
DA:600,1
DA:601,1
DA:603,1
DA:605,1
DA:606,1
BRF:0
BRH:0
LF:378
LH:378
end_of_record
SF:/home/enamakel/work/tinymcp/worktrees/mcp-extraction/crates/tinymcp-bus/src/registry/types.rs
FN:55,_RNvMNtNtCs9dwFA25HTVp_11tinymcp_bus8registry5typesNtB2_11CommandKind5parse
FN:33,_RNvMNtNtCs9dwFA25HTVp_11tinymcp_bus8registry5typesNtB2_11CommandKind6as_str
FN:296,_RNvMs1_NtNtCs9dwFA25HTVp_11tinymcp_bus8registry5typesNtB5_12ServerStatus6as_str
FN:334,_RNvMs2_NtNtCs9dwFA25HTVp_11tinymcp_bus8registry5typesNtB5_11McpAuthHint7as_code
FN:362,_RNvMs2_NtNtCs9dwFA25HTVp_11tinymcp_bus8registry5typesNtB5_11McpAuthHint8classify
FN:89,_RNvMs_NtNtCs9dwFA25HTVp_11tinymcp_bus8registry5typesNtB4_9Transport13dispatch_kind
FN:127,_RNvMs_NtNtCs9dwFA25HTVp_11tinymcp_bus8registry5typesNtB4_9Transport14deployment_url
FN:114,_RNvMs_NtNtCs9dwFA25HTVp_11tinymcp_bus8registry5typesNtB4_9Transport5parse
FN:141,_RNvNtNtCs9dwFA25HTVp_11tinymcp_bus8registry5types15default_enabled
FN:136,_RNvNtNtCs9dwFA25HTVp_11tinymcp_bus8registry5types17default_transport
FN:233,_RINvMs0_NtNtCs9dwFA25HTVp_11tinymcp_bus8registry5typesNtB6_7McpTool3newpEBa_
FN:553,_RINvMs3_NtNtCs9dwFA25HTVp_11tinymcp_bus8registry5typesNtB6_8ChatTurn3newppEBa_
FN:233,_RINvMs0_NtNtCse9bfXmf7f1X_11tinymcp_bus8registry5typesNtB6_7McpTool3newReEBa_
FN:553,_RINvMs3_NtNtCse9bfXmf7f1X_11tinymcp_bus8registry5typesNtB6_8ChatTurn3newReB18_EBa_
FN:55,_RNvMNtNtCse9bfXmf7f1X_11tinymcp_bus8registry5typesNtB2_11CommandKind5parse
FN:33,_RNvMNtNtCse9bfXmf7f1X_11tinymcp_bus8registry5typesNtB2_11CommandKind6as_str
FN:296,_RNvMs1_NtNtCse9bfXmf7f1X_11tinymcp_bus8registry5typesNtB5_12ServerStatus6as_str
FN:334,_RNvMs2_NtNtCse9bfXmf7f1X_11tinymcp_bus8registry5typesNtB5_11McpAuthHint7as_code
FN:362,_RNvMs2_NtNtCse9bfXmf7f1X_11tinymcp_bus8registry5typesNtB5_11McpAuthHint8classify
FN:89,_RNvMs_NtNtCse9bfXmf7f1X_11tinymcp_bus8registry5typesNtB4_9Transport13dispatch_kind
FN:127,_RNvMs_NtNtCse9bfXmf7f1X_11tinymcp_bus8registry5typesNtB4_9Transport14deployment_url
FN:114,_RNvMs_NtNtCse9bfXmf7f1X_11tinymcp_bus8registry5typesNtB4_9Transport5parse
FN:141,_RNvNtNtCse9bfXmf7f1X_11tinymcp_bus8registry5types15default_enabled
FN:136,_RNvNtNtCse9bfXmf7f1X_11tinymcp_bus8registry5types17default_transport
FNDA:139,_RNvMNtNtCs9dwFA25HTVp_11tinymcp_bus8registry5typesNtB2_11CommandKind5parse
FNDA:150,_RNvMNtNtCs9dwFA25HTVp_11tinymcp_bus8registry5typesNtB2_11CommandKind6as_str
FNDA:0,_RNvMs1_NtNtCs9dwFA25HTVp_11tinymcp_bus8registry5typesNtB5_12ServerStatus6as_str
FNDA:0,_RNvMs2_NtNtCs9dwFA25HTVp_11tinymcp_bus8registry5typesNtB5_11McpAuthHint7as_code
FNDA:7,_RNvMs2_NtNtCs9dwFA25HTVp_11tinymcp_bus8registry5typesNtB5_11McpAuthHint8classify
FNDA:150,_RNvMs_NtNtCs9dwFA25HTVp_11tinymcp_bus8registry5typesNtB4_9Transport13dispatch_kind
FNDA:150,_RNvMs_NtNtCs9dwFA25HTVp_11tinymcp_bus8registry5typesNtB4_9Transport14deployment_url
FNDA:139,_RNvMs_NtNtCs9dwFA25HTVp_11tinymcp_bus8registry5typesNtB4_9Transport5parse
FNDA:0,_RNvNtNtCs9dwFA25HTVp_11tinymcp_bus8registry5types15default_enabled
FNDA:0,_RNvNtNtCs9dwFA25HTVp_11tinymcp_bus8registry5types17default_transport
FNDA:0,_RINvMs0_NtNtCs9dwFA25HTVp_11tinymcp_bus8registry5typesNtB6_7McpTool3newpEBa_
FNDA:0,_RINvMs3_NtNtCs9dwFA25HTVp_11tinymcp_bus8registry5typesNtB6_8ChatTurn3newppEBa_
FNDA:3,_RINvMs0_NtNtCse9bfXmf7f1X_11tinymcp_bus8registry5typesNtB6_7McpTool3newReEBa_
FNDA:1,_RINvMs3_NtNtCse9bfXmf7f1X_11tinymcp_bus8registry5typesNtB6_8ChatTurn3newReB18_EBa_
FNDA:6,_RNvMNtNtCse9bfXmf7f1X_11tinymcp_bus8registry5typesNtB2_11CommandKind5parse
FNDA:6,_RNvMNtNtCse9bfXmf7f1X_11tinymcp_bus8registry5typesNtB2_11CommandKind6as_str
FNDA:12,_RNvMs1_NtNtCse9bfXmf7f1X_11tinymcp_bus8registry5typesNtB5_12ServerStatus6as_str
FNDA:9,_RNvMs2_NtNtCse9bfXmf7f1X_11tinymcp_bus8registry5typesNtB5_11McpAuthHint7as_code
FNDA:4,_RNvMs2_NtNtCse9bfXmf7f1X_11tinymcp_bus8registry5typesNtB5_11McpAuthHint8classify
FNDA:4,_RNvMs_NtNtCse9bfXmf7f1X_11tinymcp_bus8registry5typesNtB4_9Transport13dispatch_kind
FNDA:2,_RNvMs_NtNtCse9bfXmf7f1X_11tinymcp_bus8registry5typesNtB4_9Transport14deployment_url
FNDA:6,_RNvMs_NtNtCse9bfXmf7f1X_11tinymcp_bus8registry5typesNtB4_9Transport5parse
FNDA:1,_RNvNtNtCse9bfXmf7f1X_11tinymcp_bus8registry5types15default_enabled
FNDA:1,_RNvNtNtCse9bfXmf7f1X_11tinymcp_bus8registry5types17default_transport
FNF:12
FNH:12
DA:33,156
DA:34,156
DA:35,147
DA:36,2
DA:37,7
DA:39,156
DA:55,145
DA:56,145
DA:57,145
DA:58,144
DA:59,143
DA:61,145
DA:89,154
DA:90,154
DA:91,48
DA:92,106
DA:94,154
DA:114,145
DA:115,145
DA:116,145
DA:117,96
DA:118,96
DA:119,49
DA:121,145
DA:127,152
DA:128,152
DA:129,47
DA:130,105
DA:132,152
DA:136,1
DA:137,1
DA:138,1
DA:141,1
DA:142,1
DA:143,1
DA:233,3
DA:234,3
DA:235,3
DA:236,3
DA:237,3
DA:238,3
DA:239,3
DA:296,12
DA:297,12
DA:298,2
DA:299,2
DA:300,2
DA:301,2
DA:302,2
DA:303,2
DA:305,12
DA:334,9
DA:335,9
DA:336,3
DA:337,3
DA:338,3
DA:340,9
DA:362,11
DA:363,11
DA:364,7
DA:365,4
DA:366,2
DA:368,2
DA:370,11
DA:553,1
DA:554,1
DA:555,1
DA:556,1
DA:557,1
DA:558,1
BRF:0
BRH:0
LF:70
LH:70
end_of_record
SF:/home/enamakel/work/tinymcp/worktrees/mcp-extraction/crates/tinymcp-bus/src/sanitize/mod.rs
FN:97,_RNCNvNtCs9dwFA25HTVp_11tinymcp_bus8sanitize19strip_control_chars0B5_
FN:165,_RNCNvNtCs9dwFA25HTVp_11tinymcp_bus8sanitize27find_ascii_case_insensitive0B5_
FN:229,_RNvNtCs9dwFA25HTVp_11tinymcp_bus8sanitize16sanitize_for_llm
FN:185,_RNvNtCs9dwFA25HTVp_11tinymcp_bus8sanitize18truncate_utf8_safe
FN:205,_RNvNtCs9dwFA25HTVp_11tinymcp_bus8sanitize19floor_char_boundary
FN:94,_RNvNtCs9dwFA25HTVp_11tinymcp_bus8sanitize19strip_control_chars
FN:132,_RNvNtCs9dwFA25HTVp_11tinymcp_bus8sanitize24strip_instruction_fences
FN:157,_RNvNtCs9dwFA25HTVp_11tinymcp_bus8sanitize27find_ascii_case_insensitive
FN:97,_RNCNvNtCse9bfXmf7f1X_11tinymcp_bus8sanitize19strip_control_chars0B5_
FN:165,_RNCNvNtCse9bfXmf7f1X_11tinymcp_bus8sanitize27find_ascii_case_insensitive0B5_
FN:229,_RNvNtCse9bfXmf7f1X_11tinymcp_bus8sanitize16sanitize_for_llm
FN:185,_RNvNtCse9bfXmf7f1X_11tinymcp_bus8sanitize18truncate_utf8_safe
FN:205,_RNvNtCse9bfXmf7f1X_11tinymcp_bus8sanitize19floor_char_boundary
FN:94,_RNvNtCse9bfXmf7f1X_11tinymcp_bus8sanitize19strip_control_chars
FN:132,_RNvNtCse9bfXmf7f1X_11tinymcp_bus8sanitize24strip_instruction_fences
FN:157,_RNvNtCse9bfXmf7f1X_11tinymcp_bus8sanitize27find_ascii_case_insensitive
FNDA:0,_RNCNvNtCs9dwFA25HTVp_11tinymcp_bus8sanitize19strip_control_chars0B5_
FNDA:0,_RNCNvNtCs9dwFA25HTVp_11tinymcp_bus8sanitize27find_ascii_case_insensitive0B5_
FNDA:0,_RNvNtCs9dwFA25HTVp_11tinymcp_bus8sanitize16sanitize_for_llm
FNDA:0,_RNvNtCs9dwFA25HTVp_11tinymcp_bus8sanitize18truncate_utf8_safe
FNDA:0,_RNvNtCs9dwFA25HTVp_11tinymcp_bus8sanitize19floor_char_boundary
FNDA:0,_RNvNtCs9dwFA25HTVp_11tinymcp_bus8sanitize19strip_control_chars
FNDA:0,_RNvNtCs9dwFA25HTVp_11tinymcp_bus8sanitize24strip_instruction_fences
FNDA:0,_RNvNtCs9dwFA25HTVp_11tinymcp_bus8sanitize27find_ascii_case_insensitive
FNDA:8989,_RNCNvNtCse9bfXmf7f1X_11tinymcp_bus8sanitize19strip_control_chars0B5_
FNDA:199079,_RNCNvNtCse9bfXmf7f1X_11tinymcp_bus8sanitize27find_ascii_case_insensitive0B5_
FNDA:9,_RNvNtCse9bfXmf7f1X_11tinymcp_bus8sanitize16sanitize_for_llm
FNDA:53,_RNvNtCse9bfXmf7f1X_11tinymcp_bus8sanitize18truncate_utf8_safe
FNDA:41,_RNvNtCse9bfXmf7f1X_11tinymcp_bus8sanitize19floor_char_boundary
FNDA:12,_RNvNtCse9bfXmf7f1X_11tinymcp_bus8sanitize19strip_control_chars
FNDA:37,_RNvNtCse9bfXmf7f1X_11tinymcp_bus8sanitize24strip_instruction_fences
FNDA:1140,_RNvNtCse9bfXmf7f1X_11tinymcp_bus8sanitize27find_ascii_case_insensitive
FNF:8
FNH:8
DA:94,12
DA:95,12
DA:96,12
DA:97,8989
DA:98,8989
DA:99,3
DA:100,8986
DA:102,8986
DA:103,8986
DA:104,8989
DA:105,12
DA:106,12
DA:132,37
DA:133,37
DA:134,37
DA:135,109
DA:136,72
DA:137,1140
DA:138,1140
DA:141,35
DA:142,35
DA:143,35
DA:144,1105
DA:147,37
DA:148,37
DA:157,1140
DA:158,1140
DA:159,1140
DA:160,1140
DA:161,234
DA:162,906
DA:163,906
DA:164,906
DA:165,199079
DA:166,1140
DA:185,53
DA:186,53
DA:187,12
DA:188,41
DA:189,41
DA:191,41
DA:192,6
DA:193,35
DA:194,35
DA:195,35
DA:196,35
DA:197,35
DA:198,35
DA:199,53
DA:205,41
DA:206,41
DA:207,64
DA:208,23
DA:209,23
DA:210,41
DA:211,41
DA:229,9
DA:230,9
DA:231,9
DA:232,9
DA:233,9
BRF:0
BRH:0
LF:63
LH:63
end_of_record
SF:/home/enamakel/work/tinymcp/worktrees/mcp-extraction/crates/tinymcp-bus/src/sanitize/test.rs
FN:169,_RNvNtNtCse9bfXmf7f1X_11tinymcp_bus8sanitize4tests_18handles_a_zero_cap
FN:41,_RNvNtNtCse9bfXmf7f1X_11tinymcp_bus8sanitize4tests_20removes_known_tokens
FN:192,_RNvNtNtCse9bfXmf7f1X_11tinymcp_bus8sanitize4tests_22pipeline_runs_in_order
FN:31,_RNvNtNtCse9bfXmf7f1X_11tinymcp_bus8sanitize4tests_27keeps_non_ascii_text_intact
FN:112,_RNvNtNtCse9bfXmf7f1X_11tinymcp_bus8sanitize4tests_36fence_tokens_are_ascii_and_lowercase
FN:25,_RNvNtNtCse9bfXmf7f1X_11tinymcp_bus8sanitize4tests_36passes_plain_ascii_through_unchanged
FN:131,_RNvNtNtCse9bfXmf7f1X_11tinymcp_bus8sanitize4tests_36passes_short_input_through_unchanged
FN:159,_RNvNtNtCse9bfXmf7f1X_11tinymcp_bus8sanitize4tests_37handles_a_cap_smaller_than_the_suffix
FN:149,_RNvNtNtCse9bfXmf7f1X_11tinymcp_bus8sanitize4tests_39handles_multibyte_codepoints_at_the_cut
FN:215,_RNvNtNtCse9bfXmf7f1X_11tinymcp_bus8sanitize4tests_39pipeline_output_always_respects_the_cap
FN:209,_RNvNtNtCse9bfXmf7f1X_11tinymcp_bus8sanitize4tests_41pipeline_passes_benign_short_text_through
FN:72,_RNvNtNtCse9bfXmf7f1X_11tinymcp_bus8sanitize4tests_43every_catalogued_token_is_actually_stripped
FN:49,_RNvNtNtCse9bfXmf7f1X_11tinymcp_bus8sanitize4tests_44is_case_insensitive_and_repeats_until_stable
FN:136,_RNvNtNtCse9bfXmf7f1X_11tinymcp_bus8sanitize4tests_49passes_input_of_exactly_the_cap_through_unchanged
FN:141,_RNvNtNtCse9bfXmf7f1X_11tinymcp_bus8sanitize4tests_51does_not_split_codepoints_and_reserves_suffix_bytes
FN:66,_RNvNtNtCse9bfXmf7f1X_11tinymcp_bus8sanitize4tests_52preserves_benign_text_that_merely_mentions_the_words
FN:58,_RNvNtNtCse9bfXmf7f1X_11tinymcp_bus8sanitize4tests_52repeats_so_a_token_split_by_another_is_still_removed
FN:19,_RNvNtNtCse9bfXmf7f1X_11tinymcp_bus8sanitize4tests_52strips_nulls_and_low_ascii_but_keeps_newline_and_tab
FN:106,_RNvNtNtCse9bfXmf7f1X_11tinymcp_bus8sanitize4tests_56handles_a_fence_between_multibyte_text_without_panicking
FN:174,_RNvNtNtCse9bfXmf7f1X_11tinymcp_bus8sanitize4tests_57never_exceeds_the_cap_for_any_cap_over_a_multibyte_string
FN:94,_RNvNtNtCse9bfXmf7f1X_11tinymcp_bus8sanitize4tests_59handles_multibyte_text_before_a_fence_without_corrupting_it
FN:201,_RNvNtNtCse9bfXmf7f1X_11tinymcp_bus8sanitize4tests_59pipeline_strips_a_fence_hidden_by_interleaved_control_bytes
FNDA:1,_RNvNtNtCse9bfXmf7f1X_11tinymcp_bus8sanitize4tests_18handles_a_zero_cap
FNDA:1,_RNvNtNtCse9bfXmf7f1X_11tinymcp_bus8sanitize4tests_20removes_known_tokens
FNDA:1,_RNvNtNtCse9bfXmf7f1X_11tinymcp_bus8sanitize4tests_22pipeline_runs_in_order
FNDA:1,_RNvNtNtCse9bfXmf7f1X_11tinymcp_bus8sanitize4tests_27keeps_non_ascii_text_intact
FNDA:1,_RNvNtNtCse9bfXmf7f1X_11tinymcp_bus8sanitize4tests_36fence_tokens_are_ascii_and_lowercase
FNDA:1,_RNvNtNtCse9bfXmf7f1X_11tinymcp_bus8sanitize4tests_36passes_plain_ascii_through_unchanged
FNDA:1,_RNvNtNtCse9bfXmf7f1X_11tinymcp_bus8sanitize4tests_36passes_short_input_through_unchanged
FNDA:1,_RNvNtNtCse9bfXmf7f1X_11tinymcp_bus8sanitize4tests_37handles_a_cap_smaller_than_the_suffix
FNDA:1,_RNvNtNtCse9bfXmf7f1X_11tinymcp_bus8sanitize4tests_39handles_multibyte_codepoints_at_the_cut
FNDA:1,_RNvNtNtCse9bfXmf7f1X_11tinymcp_bus8sanitize4tests_39pipeline_output_always_respects_the_cap
FNDA:1,_RNvNtNtCse9bfXmf7f1X_11tinymcp_bus8sanitize4tests_41pipeline_passes_benign_short_text_through
FNDA:1,_RNvNtNtCse9bfXmf7f1X_11tinymcp_bus8sanitize4tests_43every_catalogued_token_is_actually_stripped
FNDA:1,_RNvNtNtCse9bfXmf7f1X_11tinymcp_bus8sanitize4tests_44is_case_insensitive_and_repeats_until_stable
FNDA:1,_RNvNtNtCse9bfXmf7f1X_11tinymcp_bus8sanitize4tests_49passes_input_of_exactly_the_cap_through_unchanged
FNDA:1,_RNvNtNtCse9bfXmf7f1X_11tinymcp_bus8sanitize4tests_51does_not_split_codepoints_and_reserves_suffix_bytes
FNDA:1,_RNvNtNtCse9bfXmf7f1X_11tinymcp_bus8sanitize4tests_52preserves_benign_text_that_merely_mentions_the_words
FNDA:1,_RNvNtNtCse9bfXmf7f1X_11tinymcp_bus8sanitize4tests_52repeats_so_a_token_split_by_another_is_still_removed
FNDA:1,_RNvNtNtCse9bfXmf7f1X_11tinymcp_bus8sanitize4tests_52strips_nulls_and_low_ascii_but_keeps_newline_and_tab
FNDA:1,_RNvNtNtCse9bfXmf7f1X_11tinymcp_bus8sanitize4tests_56handles_a_fence_between_multibyte_text_without_panicking
FNDA:1,_RNvNtNtCse9bfXmf7f1X_11tinymcp_bus8sanitize4tests_57never_exceeds_the_cap_for_any_cap_over_a_multibyte_string
FNDA:1,_RNvNtNtCse9bfXmf7f1X_11tinymcp_bus8sanitize4tests_59handles_multibyte_text_before_a_fence_without_corrupting_it
FNDA:1,_RNvNtNtCse9bfXmf7f1X_11tinymcp_bus8sanitize4tests_59pipeline_strips_a_fence_hidden_by_interleaved_control_bytes
FNF:22
FNH:22
DA:19,1
DA:20,1
DA:21,1
DA:22,1
DA:25,1
DA:26,1
DA:27,1
DA:28,1
DA:31,1
DA:32,1
DA:33,1
DA:34,1
DA:41,1
DA:42,1
DA:43,1
DA:44,1
DA:45,1
DA:46,1
DA:49,1
DA:50,1
DA:51,1
DA:52,1
DA:53,1
DA:54,1
DA:55,1
DA:58,1
DA:61,1
DA:62,1
DA:63,1
DA:66,1
DA:67,1
DA:68,1
DA:69,1
DA:72,1
DA:73,22
DA:74,22
DA:75,22
DA:76,22
DA:81,1
DA:94,1
DA:95,1
DA:96,1
DA:97,1
DA:106,1
DA:107,1
DA:108,1
DA:109,1
DA:112,1
DA:116,22
DA:117,22
DA:118,22
DA:120,22
DA:124,1
DA:131,1
DA:132,1
DA:133,1
DA:136,1
DA:137,1
DA:138,1
DA:141,1
DA:142,1
DA:144,1
DA:145,1
DA:146,1
DA:149,1
DA:152,1
DA:153,1
DA:154,1
DA:155,1
DA:156,1
DA:159,1
DA:160,1
DA:163,1
DA:164,1
DA:165,1
DA:166,1
DA:169,1
DA:170,1
DA:171,1
DA:174,1
DA:175,1
DA:176,38
DA:177,38
DA:178,38
DA:179,38
DA:181,0
DA:183,38
DA:185,1
DA:192,1
DA:193,1
DA:194,1
DA:195,1
DA:196,1
DA:197,1
DA:198,1
DA:201,1
DA:204,1
DA:205,1
DA:206,1
DA:209,1
DA:210,1
DA:211,1
DA:212,1
DA:215,1
DA:216,1
DA:217,1
DA:218,1
DA:219,1
BRF:0
BRH:0
LF:108
LH:107
end_of_record
SF:/home/enamakel/work/tinymcp/worktrees/mcp-extraction/crates/tinymcp-bus/src/transport/test.rs
FN:177,_RNvNtNtCse9bfXmf7f1X_11tinymcp_bus9transport4tests_23client_info_round_trips
FN:350,_RNvNtNtCse9bfXmf7f1X_11tinymcp_bus9transport4tests_25a_tool_result_round_trips
FN:127,_RNvNtNtCse9bfXmf7f1X_11tinymcp_bus9transport4tests_33the_display_description_is_capped
FN:96,_RNvNtNtCse9bfXmf7f1X_11tinymcp_bus9transport4tests_37a_remote_tool_decodes_from_name_alone
FN:465,_RNvNtNtCse9bfXmf7f1X_11tinymcp_bus9transport4tests_39an_sse_event_round_trips_with_json_data
FN:277,_RNvNtNtCse9bfXmf7f1X_11tinymcp_bus9transport4tests_42mixed_content_joins_with_newlines_in_order
FN:43,_RNvNtNtCse9bfXmf7f1X_11tinymcp_bus9transport4tests_42the_supported_protocol_versions_are_pinned
FN:456,_RNvNtNtCse9bfXmf7f1X_11tinymcp_bus9transport4tests_44an_sse_event_decodes_with_every_field_absent
FN:342,_RNvNtNtCse9bfXmf7f1X_11tinymcp_bus9transport4tests_45a_default_tool_result_is_empty_and_successful
FN:167,_RNvNtNtCse9bfXmf7f1X_11tinymcp_bus9transport4tests_45client_info_is_built_from_the_identity_config
FN:244,_RNvNtNtCse9bfXmf7f1X_11tinymcp_bus9transport4tests_46a_json_block_serializes_with_its_lowercase_tag
FN:233,_RNvNtNtCse9bfXmf7f1X_11tinymcp_bus9transport4tests_46a_text_block_serializes_with_its_lowercase_tag
FN:401,_RNvNtNtCse9bfXmf7f1X_11tinymcp_bus9transport4tests_46an_auth_challenge_decodes_with_only_its_scheme
FN:323,_RNvNtNtCse9bfXmf7f1X_11tinymcp_bus9transport4tests_46output_for_llm_ignores_markdown_when_not_asked
FN:270,_RNvNtNtCse9bfXmf7f1X_11tinymcp_bus9transport4tests_46text_skips_json_blocks_but_output_renders_them
FN:310,_RNvNtNtCse9bfXmf7f1X_11tinymcp_bus9transport4tests_47the_markdown_rendering_is_present_when_attached
FN:63,_RNvNtNtCse9bfXmf7f1X_11tinymcp_bus9transport4tests_49a_remote_tool_decodes_from_the_protocols_spelling
FN:120,_RNvNtNtCse9bfXmf7f1X_11tinymcp_bus9transport4tests_49the_display_description_strips_control_characters
FN:104,_RNvNtNtCse9bfXmf7f1X_11tinymcp_bus9transport4tests_50a_remote_tool_with_no_description_displays_nothing
FN:263,_RNvNtNtCse9bfXmf7f1X_11tinymcp_bus9transport4tests_50an_error_result_is_flagged_and_carries_its_message
FN:79,_RNvNtNtCse9bfXmf7f1X_11tinymcp_bus9transport4tests_51a_remote_tool_serializes_the_schema_as_input_schema
FN:337,_RNvNtNtCse9bfXmf7f1X_11tinymcp_bus9transport4tests_51output_for_llm_falls_back_when_there_is_no_markdown
FN:111,_RNvNtNtCse9bfXmf7f1X_11tinymcp_bus9transport4tests_51the_display_description_strips_an_instruction_fence
FN:214,_RNvNtNtCse9bfXmf7f1X_11tinymcp_bus9transport4tests_52an_initialize_result_needs_only_the_protocol_version
FN:329,_RNvNtNtCse9bfXmf7f1X_11tinymcp_bus9transport4tests_52output_for_llm_falls_back_when_the_markdown_is_blank
FN:32,_RNvNtNtCse9bfXmf7f1X_11tinymcp_bus9transport4tests_53the_latest_protocol_version_is_the_last_supported_one
FN:51,_RNvNtNtCse9bfXmf7f1X_11tinymcp_bus9transport4tests_53the_supported_protocol_versions_contain_no_duplicates
FN:317,_RNvNtNtCse9bfXmf7f1X_11tinymcp_bus9transport4tests_54output_for_llm_prefers_markdown_when_asked_and_present
FN:255,_RNvNtNtCse9bfXmf7f1X_11tinymcp_bus9transport4tests_55a_success_result_is_not_an_error_and_reads_back_as_text
FN:296,_RNvNtNtCse9bfXmf7f1X_11tinymcp_bus9transport4tests_55the_markdown_rendering_is_omitted_from_json_when_absent
FN:27,_RNvNtNtCse9bfXmf7f1X_11tinymcp_bus9transport4tests_56the_latest_protocol_version_is_one_of_the_supported_ones
FN:410,_RNvNtNtCse9bfXmf7f1X_11tinymcp_bus9transport4tests_57an_authorization_context_round_trips_with_several_servers
FN:195,_RNvNtNtCse9bfXmf7f1X_11tinymcp_bus9transport4tests_58an_initialize_result_decodes_from_the_protocols_camel_case
FN:392,_RNvNtNtCse9bfXmf7f1X_11tinymcp_bus9transport4tests_58authorization_server_metadata_decodes_with_only_its_issuer
FN:383,_RNvNtNtCse9bfXmf7f1X_11tinymcp_bus9transport4tests_58protected_resource_metadata_decodes_with_only_its_resource
FN:222,_RNvNtNtCse9bfXmf7f1X_11tinymcp_bus9transport4tests_59an_initialize_result_without_a_protocol_version_is_rejected
FN:364,_RNvNtNtCse9bfXmf7f1X_11tinymcp_bus9transport4tests_61a_server_tool_result_keeps_the_raw_reply_beside_the_rendering
FN:140,_RNvNtNtCse9bfXmf7f1X_11tinymcp_bus9transport4tests_61the_display_title_is_capped_more_tightly_than_the_description
FN:150,_RNvNtNtCse9bfXmf7f1X_11tinymcp_bus9transport4tests_61the_raw_description_is_left_untouched_by_the_display_accessor
FNDA:1,_RNvNtNtCse9bfXmf7f1X_11tinymcp_bus9transport4tests_23client_info_round_trips
FNDA:1,_RNvNtNtCse9bfXmf7f1X_11tinymcp_bus9transport4tests_25a_tool_result_round_trips
FNDA:1,_RNvNtNtCse9bfXmf7f1X_11tinymcp_bus9transport4tests_33the_display_description_is_capped
FNDA:1,_RNvNtNtCse9bfXmf7f1X_11tinymcp_bus9transport4tests_37a_remote_tool_decodes_from_name_alone
FNDA:1,_RNvNtNtCse9bfXmf7f1X_11tinymcp_bus9transport4tests_39an_sse_event_round_trips_with_json_data
FNDA:1,_RNvNtNtCse9bfXmf7f1X_11tinymcp_bus9transport4tests_42mixed_content_joins_with_newlines_in_order
FNDA:1,_RNvNtNtCse9bfXmf7f1X_11tinymcp_bus9transport4tests_42the_supported_protocol_versions_are_pinned
FNDA:1,_RNvNtNtCse9bfXmf7f1X_11tinymcp_bus9transport4tests_44an_sse_event_decodes_with_every_field_absent
FNDA:1,_RNvNtNtCse9bfXmf7f1X_11tinymcp_bus9transport4tests_45a_default_tool_result_is_empty_and_successful
FNDA:1,_RNvNtNtCse9bfXmf7f1X_11tinymcp_bus9transport4tests_45client_info_is_built_from_the_identity_config
FNDA:1,_RNvNtNtCse9bfXmf7f1X_11tinymcp_bus9transport4tests_46a_json_block_serializes_with_its_lowercase_tag
FNDA:1,_RNvNtNtCse9bfXmf7f1X_11tinymcp_bus9transport4tests_46a_text_block_serializes_with_its_lowercase_tag
FNDA:1,_RNvNtNtCse9bfXmf7f1X_11tinymcp_bus9transport4tests_46an_auth_challenge_decodes_with_only_its_scheme
FNDA:1,_RNvNtNtCse9bfXmf7f1X_11tinymcp_bus9transport4tests_46output_for_llm_ignores_markdown_when_not_asked
FNDA:1,_RNvNtNtCse9bfXmf7f1X_11tinymcp_bus9transport4tests_46text_skips_json_blocks_but_output_renders_them
FNDA:1,_RNvNtNtCse9bfXmf7f1X_11tinymcp_bus9transport4tests_47the_markdown_rendering_is_present_when_attached
FNDA:1,_RNvNtNtCse9bfXmf7f1X_11tinymcp_bus9transport4tests_49a_remote_tool_decodes_from_the_protocols_spelling
FNDA:1,_RNvNtNtCse9bfXmf7f1X_11tinymcp_bus9transport4tests_49the_display_description_strips_control_characters
FNDA:1,_RNvNtNtCse9bfXmf7f1X_11tinymcp_bus9transport4tests_50a_remote_tool_with_no_description_displays_nothing
FNDA:1,_RNvNtNtCse9bfXmf7f1X_11tinymcp_bus9transport4tests_50an_error_result_is_flagged_and_carries_its_message
FNDA:1,_RNvNtNtCse9bfXmf7f1X_11tinymcp_bus9transport4tests_51a_remote_tool_serializes_the_schema_as_input_schema
FNDA:1,_RNvNtNtCse9bfXmf7f1X_11tinymcp_bus9transport4tests_51output_for_llm_falls_back_when_there_is_no_markdown
FNDA:1,_RNvNtNtCse9bfXmf7f1X_11tinymcp_bus9transport4tests_51the_display_description_strips_an_instruction_fence
FNDA:1,_RNvNtNtCse9bfXmf7f1X_11tinymcp_bus9transport4tests_52an_initialize_result_needs_only_the_protocol_version
FNDA:1,_RNvNtNtCse9bfXmf7f1X_11tinymcp_bus9transport4tests_52output_for_llm_falls_back_when_the_markdown_is_blank
FNDA:1,_RNvNtNtCse9bfXmf7f1X_11tinymcp_bus9transport4tests_53the_latest_protocol_version_is_the_last_supported_one
FNDA:1,_RNvNtNtCse9bfXmf7f1X_11tinymcp_bus9transport4tests_53the_supported_protocol_versions_contain_no_duplicates
FNDA:1,_RNvNtNtCse9bfXmf7f1X_11tinymcp_bus9transport4tests_54output_for_llm_prefers_markdown_when_asked_and_present
FNDA:1,_RNvNtNtCse9bfXmf7f1X_11tinymcp_bus9transport4tests_55a_success_result_is_not_an_error_and_reads_back_as_text
FNDA:1,_RNvNtNtCse9bfXmf7f1X_11tinymcp_bus9transport4tests_55the_markdown_rendering_is_omitted_from_json_when_absent
FNDA:1,_RNvNtNtCse9bfXmf7f1X_11tinymcp_bus9transport4tests_56the_latest_protocol_version_is_one_of_the_supported_ones
FNDA:1,_RNvNtNtCse9bfXmf7f1X_11tinymcp_bus9transport4tests_57an_authorization_context_round_trips_with_several_servers
FNDA:1,_RNvNtNtCse9bfXmf7f1X_11tinymcp_bus9transport4tests_58an_initialize_result_decodes_from_the_protocols_camel_case
FNDA:1,_RNvNtNtCse9bfXmf7f1X_11tinymcp_bus9transport4tests_58authorization_server_metadata_decodes_with_only_its_issuer
FNDA:1,_RNvNtNtCse9bfXmf7f1X_11tinymcp_bus9transport4tests_58protected_resource_metadata_decodes_with_only_its_resource
FNDA:1,_RNvNtNtCse9bfXmf7f1X_11tinymcp_bus9transport4tests_59an_initialize_result_without_a_protocol_version_is_rejected
FNDA:1,_RNvNtNtCse9bfXmf7f1X_11tinymcp_bus9transport4tests_61a_server_tool_result_keeps_the_raw_reply_beside_the_rendering
FNDA:1,_RNvNtNtCse9bfXmf7f1X_11tinymcp_bus9transport4tests_61the_display_title_is_capped_more_tightly_than_the_description
FNDA:1,_RNvNtNtCse9bfXmf7f1X_11tinymcp_bus9transport4tests_61the_raw_description_is_left_untouched_by_the_display_accessor
FNF:39
FNH:39
DA:27,1
DA:28,1
DA:29,1
DA:32,1
DA:36,1
DA:37,1
DA:40,1
DA:43,1
DA:44,1
DA:48,1
DA:51,1
DA:52,1
DA:53,1
DA:54,1
DA:55,1
DA:56,1
DA:63,1
DA:64,1
DA:65,1
DA:66,1
DA:67,1
DA:68,1
DA:70,1
DA:72,1
DA:73,1
DA:74,1
DA:75,1
DA:76,1
DA:79,1
DA:80,1
DA:81,1
DA:83,1
DA:84,1
DA:86,1
DA:87,1
DA:88,1
DA:89,1
DA:90,1
DA:93,1
DA:96,1
DA:99,1
DA:100,1
DA:101,1
DA:104,1
DA:105,1
DA:106,1
DA:107,1
DA:108,1
DA:111,1
DA:112,1
DA:113,1
DA:115,1
DA:116,1
DA:117,1
DA:120,1
DA:121,1
DA:122,1
DA:123,1
DA:124,1
DA:127,1
DA:128,1
DA:129,1
DA:131,1
DA:132,1
DA:133,1
DA:135,0
DA:137,1
DA:140,1
DA:141,1
DA:142,1
DA:144,1
DA:145,1
DA:147,1
DA:150,1
DA:154,1
DA:155,1
DA:156,1
DA:158,1
DA:159,1
DA:160,1
DA:167,1
DA:168,1
DA:169,1
DA:171,1
DA:172,1
DA:173,1
DA:174,1
DA:177,1
DA:178,1
DA:179,1
DA:180,1
DA:182,1
DA:184,1
DA:185,1
DA:188,1
DA:195,1
DA:196,1
DA:197,1
DA:198,1
DA:199,1
DA:200,1
DA:202,1
DA:204,1
DA:205,1
DA:206,1
DA:208,1
DA:210,1
DA:211,1
DA:214,1
DA:215,1
DA:216,1
DA:217,1
DA:218,1
DA:219,1
DA:222,1
DA:224,1
DA:225,1
DA:226,1
DA:233,1
DA:234,1
DA:235,1
DA:236,1
DA:237,1
DA:238,1
DA:239,1
DA:241,1
DA:244,1
DA:245,1
DA:246,1
DA:247,1
DA:248,1
DA:249,1
DA:250,1
DA:252,1
DA:255,1
DA:256,1
DA:257,1
DA:258,1
DA:259,1
DA:260,1
DA:263,1
DA:264,1
DA:265,1
DA:266,1
DA:267,1
DA:270,1
DA:271,1
DA:272,1
DA:273,1
DA:274,1
DA:277,1
DA:278,1
DA:279,1
DA:280,1
DA:281,1
DA:282,1
DA:283,1
DA:284,1
DA:285,1
DA:286,1
DA:287,1
DA:288,1
DA:289,1
DA:290,1
DA:291,1
DA:292,1
DA:293,1
DA:296,1
DA:299,1
DA:300,1
DA:302,1
DA:303,1
DA:304,1
DA:307,1
DA:310,1
DA:311,1
DA:312,1
DA:313,1
DA:314,1
DA:317,1
DA:318,1
DA:319,1
DA:320,1
DA:323,1
DA:324,1
DA:325,1
DA:326,1
DA:329,1
DA:332,1
DA:333,1
DA:334,1
DA:337,1
DA:338,1
DA:339,1
DA:342,1
DA:343,1
DA:344,1
DA:345,1
DA:346,1
DA:347,1
DA:350,1
DA:351,1
DA:352,1
DA:353,1
DA:354,1
DA:357,1
DA:364,1
DA:365,1
DA:366,1
DA:368,1
DA:369,1
DA:371,1
DA:372,1
DA:373,1
DA:376,1
DA:383,1
DA:384,1
DA:385,1
DA:386,1
DA:387,1
DA:388,1
DA:389,1
DA:392,1
DA:393,1
DA:394,1
DA:395,1
DA:396,1
DA:397,1
DA:398,1
DA:401,1
DA:402,1
DA:403,1
DA:404,1
DA:405,1
DA:406,1
DA:407,1
DA:410,1
DA:411,1
DA:412,1
DA:413,1
DA:414,1
DA:415,1
DA:416,1
DA:417,1
DA:418,1
DA:419,1
DA:420,1
DA:421,1
DA:422,1
DA:423,1
DA:424,1
DA:425,1
DA:426,1
DA:427,1
DA:428,1
DA:429,1
DA:430,1
DA:431,1
DA:432,1
DA:433,1
DA:434,1
DA:435,1
DA:436,1
DA:437,1
DA:438,1
DA:439,1
DA:440,1
DA:441,1
DA:442,1
DA:444,1
DA:445,1
DA:446,1
DA:449,1
DA:456,1
DA:458,1
DA:459,1
DA:460,1
DA:461,1
DA:462,1
DA:465,1
DA:466,1
DA:467,1
DA:468,1
DA:469,1
DA:470,1
DA:471,1
DA:472,1
DA:473,1
DA:476,1
BRF:0
BRH:0
LF:289
LH:288
end_of_record
SF:/home/enamakel/work/tinymcp/worktrees/mcp-extraction/crates/tinymcp-bus/src/transport/types.rs
FN:247,_RINvMs1_NtNtCs9dwFA25HTVp_11tinymcp_bus9transport5typesNtB6_13McpToolResult5errorNtNtCscHgRw1M2fX5_5alloc6string6StringECs1bHeDLROZC4_7tinymcp
FN:230,_RINvMs1_NtNtCs9dwFA25HTVp_11tinymcp_bus9transport5typesNtB6_13McpToolResult7successNtNtCscHgRw1M2fX5_5alloc6string6StringECs1bHeDLROZC4_7tinymcp
FN:111,_RNCNvMNtNtCs9dwFA25HTVp_11tinymcp_bus9transport5typesNtB4_13McpRemoteTool13display_title0B8_
FN:99,_RNCNvMNtNtCs9dwFA25HTVp_11tinymcp_bus9transport5typesNtB4_13McpRemoteTool19display_description0B8_
FN:286,_RNCNvMs1_NtNtCs9dwFA25HTVp_11tinymcp_bus9transport5typesNtB7_13McpToolResult4text0Bb_
FN:304,_RNCNvMs1_NtNtCs9dwFA25HTVp_11tinymcp_bus9transport5typesNtB7_13McpToolResult6output0Bb_
FN:108,_RNvMNtNtCs9dwFA25HTVp_11tinymcp_bus9transport5typesNtB2_13McpRemoteTool13display_title
FN:96,_RNvMNtNtCs9dwFA25HTVp_11tinymcp_bus9transport5typesNtB2_13McpRemoteTool19display_description
FN:319,_RNvMs1_NtNtCs9dwFA25HTVp_11tinymcp_bus9transport5typesNtB5_13McpToolResult14output_for_llm
FN:259,_RNvMs1_NtNtCs9dwFA25HTVp_11tinymcp_bus9transport5typesNtB5_13McpToolResult4json
FN:283,_RNvMs1_NtNtCs9dwFA25HTVp_11tinymcp_bus9transport5typesNtB5_13McpToolResult4text
FN:301,_RNvMs1_NtNtCs9dwFA25HTVp_11tinymcp_bus9transport5typesNtB5_13McpToolResult6output
FN:346,_RNvMs2_NtNtCs9dwFA25HTVp_11tinymcp_bus9transport5typesNtB5_19McpServerToolResult3new
FN:140,_RNvXs0_NtNtCs9dwFA25HTVp_11tinymcp_bus9transport5typesNtB5_13McpClientInfoINtNtCsc36rpYXAlPq_4core7convert4FromRNtNtNtB9_6config5types23McpClientIdentityConfigE4from
FN:68,_RINvMNtNtCs9dwFA25HTVp_11tinymcp_bus9transport5typesNtB3_13McpRemoteTool3newpEB7_
FN:269,_RINvMs1_NtNtCs9dwFA25HTVp_11tinymcp_bus9transport5typesNtB6_13McpToolResult13with_markdownpEBa_
FN:247,_RINvMs1_NtNtCs9dwFA25HTVp_11tinymcp_bus9transport5typesNtB6_13McpToolResult5errorpEBa_
FN:230,_RINvMs1_NtNtCs9dwFA25HTVp_11tinymcp_bus9transport5typesNtB6_13McpToolResult7successpEBa_
FN:130,_RINvMs_NtNtCs9dwFA25HTVp_11tinymcp_bus9transport5typesNtB5_13McpClientInfo3newppEB9_
FN:68,_RINvMNtNtCs9dwFA25HTVp_11tinymcp_bus9transport5typesNtB3_13McpRemoteTool3newReECs7oZQ2EfWAJr_7tinymcp
FN:247,_RINvMs1_NtNtCs9dwFA25HTVp_11tinymcp_bus9transport5typesNtB6_13McpToolResult5errorNtNtCscHgRw1M2fX5_5alloc6string6StringECs7oZQ2EfWAJr_7tinymcp
FN:230,_RINvMs1_NtNtCs9dwFA25HTVp_11tinymcp_bus9transport5typesNtB6_13McpToolResult7successNtNtCscHgRw1M2fX5_5alloc6string6StringECs7oZQ2EfWAJr_7tinymcp
FN:68,_RINvMNtNtCse9bfXmf7f1X_11tinymcp_bus9transport5typesNtB3_13McpRemoteTool3newReEB7_
FN:269,_RINvMs1_NtNtCse9bfXmf7f1X_11tinymcp_bus9transport5typesNtB6_13McpToolResult13with_markdownReEBa_
FN:247,_RINvMs1_NtNtCse9bfXmf7f1X_11tinymcp_bus9transport5typesNtB6_13McpToolResult5errorReEBa_
FN:230,_RINvMs1_NtNtCse9bfXmf7f1X_11tinymcp_bus9transport5typesNtB6_13McpToolResult7successReEBa_
FN:130,_RINvMs_NtNtCse9bfXmf7f1X_11tinymcp_bus9transport5typesNtB5_13McpClientInfo3newReB1e_EB9_
FN:111,_RNCNvMNtNtCse9bfXmf7f1X_11tinymcp_bus9transport5typesNtB4_13McpRemoteTool13display_title0B8_
FN:99,_RNCNvMNtNtCse9bfXmf7f1X_11tinymcp_bus9transport5typesNtB4_13McpRemoteTool19display_description0B8_
FN:286,_RNCNvMs1_NtNtCse9bfXmf7f1X_11tinymcp_bus9transport5typesNtB7_13McpToolResult4text0Bb_
FN:304,_RNCNvMs1_NtNtCse9bfXmf7f1X_11tinymcp_bus9transport5typesNtB7_13McpToolResult6output0Bb_
FN:108,_RNvMNtNtCse9bfXmf7f1X_11tinymcp_bus9transport5typesNtB2_13McpRemoteTool13display_title
FN:96,_RNvMNtNtCse9bfXmf7f1X_11tinymcp_bus9transport5typesNtB2_13McpRemoteTool19display_description
FN:319,_RNvMs1_NtNtCse9bfXmf7f1X_11tinymcp_bus9transport5typesNtB5_13McpToolResult14output_for_llm
FN:259,_RNvMs1_NtNtCse9bfXmf7f1X_11tinymcp_bus9transport5typesNtB5_13McpToolResult4json
FN:283,_RNvMs1_NtNtCse9bfXmf7f1X_11tinymcp_bus9transport5typesNtB5_13McpToolResult4text
FN:301,_RNvMs1_NtNtCse9bfXmf7f1X_11tinymcp_bus9transport5typesNtB5_13McpToolResult6output
FN:346,_RNvMs2_NtNtCse9bfXmf7f1X_11tinymcp_bus9transport5typesNtB5_19McpServerToolResult3new
FN:140,_RNvXs0_NtNtCse9bfXmf7f1X_11tinymcp_bus9transport5typesNtB5_13McpClientInfoINtNtCsc36rpYXAlPq_4core7convert4FromRNtNtNtB9_6config5types23McpClientIdentityConfigE4from
FNDA:0,_RINvMs1_NtNtCs9dwFA25HTVp_11tinymcp_bus9transport5typesNtB6_13McpToolResult5errorNtNtCscHgRw1M2fX5_5alloc6string6StringECs1bHeDLROZC4_7tinymcp
FNDA:0,_RINvMs1_NtNtCs9dwFA25HTVp_11tinymcp_bus9transport5typesNtB6_13McpToolResult7successNtNtCscHgRw1M2fX5_5alloc6string6StringECs1bHeDLROZC4_7tinymcp
FNDA:0,_RNCNvMNtNtCs9dwFA25HTVp_11tinymcp_bus9transport5typesNtB4_13McpRemoteTool13display_title0B8_
FNDA:0,_RNCNvMNtNtCs9dwFA25HTVp_11tinymcp_bus9transport5typesNtB4_13McpRemoteTool19display_description0B8_
FNDA:10,_RNCNvMs1_NtNtCs9dwFA25HTVp_11tinymcp_bus9transport5typesNtB7_13McpToolResult4text0Bb_
FNDA:1,_RNCNvMs1_NtNtCs9dwFA25HTVp_11tinymcp_bus9transport5typesNtB7_13McpToolResult6output0Bb_
FNDA:0,_RNvMNtNtCs9dwFA25HTVp_11tinymcp_bus9transport5typesNtB2_13McpRemoteTool13display_title
FNDA:0,_RNvMNtNtCs9dwFA25HTVp_11tinymcp_bus9transport5typesNtB2_13McpRemoteTool19display_description
FNDA:0,_RNvMs1_NtNtCs9dwFA25HTVp_11tinymcp_bus9transport5typesNtB5_13McpToolResult14output_for_llm
FNDA:0,_RNvMs1_NtNtCs9dwFA25HTVp_11tinymcp_bus9transport5typesNtB5_13McpToolResult4json
FNDA:10,_RNvMs1_NtNtCs9dwFA25HTVp_11tinymcp_bus9transport5typesNtB5_13McpToolResult4text
FNDA:1,_RNvMs1_NtNtCs9dwFA25HTVp_11tinymcp_bus9transport5typesNtB5_13McpToolResult6output
FNDA:7,_RNvMs2_NtNtCs9dwFA25HTVp_11tinymcp_bus9transport5typesNtB5_19McpServerToolResult3new
FNDA:181,_RNvXs0_NtNtCs9dwFA25HTVp_11tinymcp_bus9transport5typesNtB5_13McpClientInfoINtNtCsc36rpYXAlPq_4core7convert4FromRNtNtNtB9_6config5types23McpClientIdentityConfigE4from
FNDA:0,_RINvMNtNtCs9dwFA25HTVp_11tinymcp_bus9transport5typesNtB3_13McpRemoteTool3newpEB7_
FNDA:0,_RINvMs1_NtNtCs9dwFA25HTVp_11tinymcp_bus9transport5typesNtB6_13McpToolResult13with_markdownpEBa_
FNDA:0,_RINvMs1_NtNtCs9dwFA25HTVp_11tinymcp_bus9transport5typesNtB6_13McpToolResult5errorpEBa_
FNDA:0,_RINvMs1_NtNtCs9dwFA25HTVp_11tinymcp_bus9transport5typesNtB6_13McpToolResult7successpEBa_
FNDA:0,_RINvMs_NtNtCs9dwFA25HTVp_11tinymcp_bus9transport5typesNtB5_13McpClientInfo3newppEB9_
FNDA:3,_RINvMNtNtCs9dwFA25HTVp_11tinymcp_bus9transport5typesNtB3_13McpRemoteTool3newReECs7oZQ2EfWAJr_7tinymcp
FNDA:2,_RINvMs1_NtNtCs9dwFA25HTVp_11tinymcp_bus9transport5typesNtB6_13McpToolResult5errorNtNtCscHgRw1M2fX5_5alloc6string6StringECs7oZQ2EfWAJr_7tinymcp
FNDA:13,_RINvMs1_NtNtCs9dwFA25HTVp_11tinymcp_bus9transport5typesNtB6_13McpToolResult7successNtNtCscHgRw1M2fX5_5alloc6string6StringECs7oZQ2EfWAJr_7tinymcp
FNDA:8,_RINvMNtNtCse9bfXmf7f1X_11tinymcp_bus9transport5typesNtB3_13McpRemoteTool3newReEB7_
FNDA:5,_RINvMs1_NtNtCse9bfXmf7f1X_11tinymcp_bus9transport5typesNtB6_13McpToolResult13with_markdownReEBa_
FNDA:1,_RINvMs1_NtNtCse9bfXmf7f1X_11tinymcp_bus9transport5typesNtB6_13McpToolResult5errorReEBa_
FNDA:5,_RINvMs1_NtNtCse9bfXmf7f1X_11tinymcp_bus9transport5typesNtB6_13McpToolResult7successReEBa_
FNDA:1,_RINvMs_NtNtCse9bfXmf7f1X_11tinymcp_bus9transport5typesNtB5_13McpClientInfo3newReB1e_EB9_
FNDA:1,_RNCNvMNtNtCse9bfXmf7f1X_11tinymcp_bus9transport5typesNtB4_13McpRemoteTool13display_title0B8_
FNDA:4,_RNCNvMNtNtCse9bfXmf7f1X_11tinymcp_bus9transport5typesNtB4_13McpRemoteTool19display_description0B8_
FNDA:7,_RNCNvMs1_NtNtCse9bfXmf7f1X_11tinymcp_bus9transport5typesNtB7_13McpToolResult4text0Bb_
FNDA:9,_RNCNvMs1_NtNtCse9bfXmf7f1X_11tinymcp_bus9transport5typesNtB7_13McpToolResult6output0Bb_
FNDA:2,_RNvMNtNtCse9bfXmf7f1X_11tinymcp_bus9transport5typesNtB2_13McpRemoteTool13display_title
FNDA:5,_RNvMNtNtCse9bfXmf7f1X_11tinymcp_bus9transport5typesNtB2_13McpRemoteTool19display_description
FNDA:4,_RNvMs1_NtNtCse9bfXmf7f1X_11tinymcp_bus9transport5typesNtB5_13McpToolResult14output_for_llm
FNDA:5,_RNvMs1_NtNtCse9bfXmf7f1X_11tinymcp_bus9transport5typesNtB5_13McpToolResult4json
FNDA:5,_RNvMs1_NtNtCse9bfXmf7f1X_11tinymcp_bus9transport5typesNtB5_13McpToolResult4text
FNDA:8,_RNvMs1_NtNtCse9bfXmf7f1X_11tinymcp_bus9transport5typesNtB5_13McpToolResult6output
FNDA:1,_RNvMs2_NtNtCse9bfXmf7f1X_11tinymcp_bus9transport5typesNtB5_19McpServerToolResult3new
FNDA:1,_RNvXs0_NtNtCse9bfXmf7f1X_11tinymcp_bus9transport5typesNtB5_13McpClientInfoINtNtCsc36rpYXAlPq_4core7convert4FromRNtNtNtB9_6config5types23McpClientIdentityConfigE4from
FNF:17
FNH:17
DA:68,11
DA:69,11
DA:70,11
DA:71,11
DA:72,11
DA:73,11
DA:74,11
DA:75,11
DA:96,5
DA:97,5
DA:98,5
DA:99,5
DA:100,5
DA:108,2
DA:109,2
DA:110,2
DA:111,2
DA:112,2
DA:130,1
DA:131,1
DA:132,1
DA:133,1
DA:134,1
DA:135,1
DA:136,1
DA:140,182
DA:141,182
DA:142,182
DA:143,182
DA:144,182
DA:145,182
DA:146,182
DA:230,18
DA:231,18
DA:232,18
DA:233,18
DA:234,18
DA:235,18
DA:236,18
DA:247,3
DA:248,3
DA:249,3
DA:250,3
DA:251,3
DA:252,3
DA:253,3
DA:254,3
DA:255,3
DA:259,5
DA:260,5
DA:261,5
DA:262,5
DA:263,5
DA:264,5
DA:265,5
DA:269,5
DA:270,5
DA:271,5
DA:272,5
DA:283,15
DA:284,15
DA:285,15
DA:286,17
DA:287,15
DA:288,2
DA:289,17
DA:290,15
DA:291,15
DA:292,15
DA:301,9
DA:302,9
DA:303,9
DA:304,10
DA:305,6
DA:306,4
DA:307,4
DA:309,10
DA:310,9
DA:311,9
DA:312,9
DA:319,4
DA:320,4
DA:321,3
DA:322,2
DA:324,1
DA:325,3
DA:326,3
DA:327,4
DA:346,8
DA:347,8
DA:348,8
DA:349,8
DA:350,8
DA:351,8
BRF:0
BRH:0
LF:98
LH:98
end_of_record
SF:/home/enamakel/work/tinymcp/worktrees/mcp-extraction/crates/tinymcp-bus/src/version/mod.rs
FN:29,_RNvNtCs9dwFA25HTVp_11tinymcp_bus7version13is_compatible
FN:38,_RNvNtCs9dwFA25HTVp_11tinymcp_bus7version5binds
FN:29,_RNvNtCse9bfXmf7f1X_11tinymcp_bus7version13is_compatible
FN:38,_RNvNtCse9bfXmf7f1X_11tinymcp_bus7version5binds
FNDA:0,_RNvNtCs9dwFA25HTVp_11tinymcp_bus7version13is_compatible
FNDA:0,_RNvNtCs9dwFA25HTVp_11tinymcp_bus7version5binds
FNDA:6,_RNvNtCse9bfXmf7f1X_11tinymcp_bus7version13is_compatible
FNDA:8,_RNvNtCse9bfXmf7f1X_11tinymcp_bus7version5binds
FNF:2
FNH:2
DA:29,6
DA:30,6
DA:31,6
DA:38,8
DA:39,8
DA:40,8
DA:42,8
DA:43,8
BRF:0
BRH:0
LF:8
LH:8
end_of_record
SF:/home/enamakel/work/tinymcp/worktrees/mcp-extraction/crates/tinymcp-bus/src/version/test.rs
FN:11,_RNvNtNtCse9bfXmf7f1X_11tinymcp_bus7version4tests_28the_contract_binds_to_itself
FN:30,_RNvNtNtCse9bfXmf7f1X_11tinymcp_bus7version4tests_29a_different_major_is_rejected
FN:16,_RNvNtNtCse9bfXmf7f1X_11tinymcp_bus7version4tests_38a_newer_minor_on_the_module_side_binds
FN:6,_RNvNtNtCse9bfXmf7f1X_11tinymcp_bus7version4tests_38the_shipped_contract_version_is_pinned
FN:22,_RNvNtNtCse9bfXmf7f1X_11tinymcp_bus7version4tests_45an_older_minor_on_the_module_side_is_rejected
FNDA:1,_RNvNtNtCse9bfXmf7f1X_11tinymcp_bus7version4tests_28the_contract_binds_to_itself
FNDA:1,_RNvNtNtCse9bfXmf7f1X_11tinymcp_bus7version4tests_29a_different_major_is_rejected
FNDA:1,_RNvNtNtCse9bfXmf7f1X_11tinymcp_bus7version4tests_38a_newer_minor_on_the_module_side_binds
FNDA:1,_RNvNtNtCse9bfXmf7f1X_11tinymcp_bus7version4tests_38the_shipped_contract_version_is_pinned
FNDA:1,_RNvNtNtCse9bfXmf7f1X_11tinymcp_bus7version4tests_45an_older_minor_on_the_module_side_is_rejected
FNF:5
FNH:5
DA:6,1
DA:7,1
DA:8,1
DA:11,1
DA:12,1
DA:13,1
DA:16,1
DA:17,1
DA:18,1
DA:19,1
DA:22,1
DA:25,1
DA:26,1
DA:27,1
DA:30,1
DA:31,1
DA:32,1
DA:33,1
DA:34,1
BRF:0
BRH:0
LF:19
LH:19
end_of_record
SF:/home/enamakel/work/tinymcp/worktrees/mcp-extraction/crates/tinymcp/src/audit/store/test.rs
FN:186,_RNCNvNtNtNtCs7oZQ2EfWAJr_7tinymcp5audit5store4tests_37truncation_does_not_split_a_character0B9_
FN:493,_RNCNvNtNtNtCs7oZQ2EfWAJr_7tinymcp5audit5store4tests_57a_long_error_message_is_truncated_on_a_character_boundary0B9_
FN:37,_RNvNtNtNtCs7oZQ2EfWAJr_7tinymcp5audit5store4test3all
FN:19,_RNvNtNtNtCs7oZQ2EfWAJr_7tinymcp5audit5store4test5store
FN:24,_RNvNtNtNtCs7oZQ2EfWAJr_7tinymcp5audit5store4test8write_at
FN:435,_RNvNtNtNtCs7oZQ2EfWAJr_7tinymcp5audit5store4tests_15filters_combine
FN:85,_RNvNtNtNtCs7oZQ2EfWAJr_7tinymcp5audit5store4tests_20a_record_round_trips
FN:298,_RNvNtNtNtCs7oZQ2EfWAJr_7tinymcp5audit5store4tests_26an_empty_log_lists_nothing
FN:376,_RNvNtNtNtCs7oZQ2EfWAJr_7tinymcp5audit5store4tests_29a_tool_filter_matches_exactly
FN:245,_RNvNtNtNtCs7oZQ2EfWAJr_7tinymcp5audit5store4tests_30a_page_size_bounds_the_listing
FN:335,_RNvNtNtNtCs7oZQ2EfWAJr_7tinymcp5audit5store4tests_31a_client_filter_matches_exactly
FN:67,_RNvNtNtNtCs7oZQ2EfWAJr_7tinymcp5audit5store4tests_32reopening_finds_what_was_written
FN:190,_RNvNtNtNtCs7oZQ2EfWAJr_7tinymcp5audit5store4tests_33a_message_that_fits_is_left_alone
FN:395,_RNvNtNtNtCs7oZQ2EfWAJr_7tinymcp5audit5store4tests_34a_success_filter_excludes_failures
FN:134,_RNvNtNtNtCs7oZQ2EfWAJr_7tinymcp5audit5store4tests_35a_null_argument_summary_round_trips
FN:109,_RNvNtNtNtCs7oZQ2EfWAJr_7tinymcp5audit5store4tests_35each_record_gets_its_own_identifier
FN:211,_RNvNtNtNtCs7oZQ2EfWAJr_7tinymcp5audit5store4tests_36records_are_listed_most_recent_first
FN:312,_RNvNtNtNtCs7oZQ2EfWAJr_7tinymcp5audit5store4tests_37a_since_filter_excludes_older_records
FN:170,_RNvNtNtNtCs7oZQ2EfWAJr_7tinymcp5audit5store4tests_37truncation_does_not_split_a_character
FN:46,_RNvNtNtNtCs7oZQ2EfWAJr_7tinymcp5audit5store4tests_38opening_creates_the_directory_and_file
FN:276,_RNvNtNtNtCs7oZQ2EfWAJr_7tinymcp5audit5store4tests_39an_offset_skips_the_most_recent_records
FN:151,_RNvNtNtNtCs7oZQ2EfWAJr_7tinymcp5audit5store4tests_39an_oversized_error_message_is_truncated
FN:118,_RNvNtNtNtCs7oZQ2EfWAJr_7tinymcp5audit5store4tests_41a_failed_write_keeps_its_flag_and_message
FN:350,_RNvNtNtNtCs7oZQ2EfWAJr_7tinymcp5audit5store4tests_47a_client_filter_is_trimmed_before_it_is_applied
FN:497,_RNvNtNtNtCs7oZQ2EfWAJr_7tinymcp5audit5store4tests_47an_error_message_within_the_bound_is_kept_whole
FN:547,_RNvNtNtNtCs7oZQ2EfWAJr_7tinymcp5audit5store4tests_50an_audit_log_opens_under_the_directory_it_is_given
FN:415,_RNvNtNtNtCs7oZQ2EfWAJr_7tinymcp5audit5store4tests_52asking_for_failures_too_is_the_same_as_not_filtering
FN:303,_RNvNtNtNtCs7oZQ2EfWAJr_7tinymcp5audit5store4tests_52the_default_page_size_applies_when_none_is_asked_for
FN:362,_RNvNtNtNtCs7oZQ2EfWAJr_7tinymcp5audit5store4tests_53a_blank_filter_matches_everything_rather_than_nothing
FN:57,_RNvNtNtNtCs7oZQ2EfWAJr_7tinymcp5audit5store4tests_53the_audit_log_is_its_own_file_beside_the_server_store
FN:261,_RNvNtNtNtCs7oZQ2EfWAJr_7tinymcp5audit5store4tests_56an_oversized_page_request_is_clamped_rather_than_refused
FN:478,_RNvNtNtNtCs7oZQ2EfWAJr_7tinymcp5audit5store4tests_57a_long_error_message_is_truncated_on_a_character_boundary
FN:229,_RNvNtNtNtCs7oZQ2EfWAJr_7tinymcp5audit5store4tests_58records_sharing_a_timestamp_order_by_identifier_descending
FN:529,_RNvNtNtNtCs7oZQ2EfWAJr_7tinymcp5audit5store4tests_60a_row_whose_argument_summary_was_never_written_reads_as_null
FN:458,_RNvNtNtNtCs7oZQ2EfWAJr_7tinymcp5audit5store4tests_65a_bound_too_large_for_the_column_is_reported_rather_than_wrapping
FN:558,_RNvNtNtNtCs7oZQ2EfWAJr_7tinymcp5audit5store4tests_68an_audit_log_that_cannot_be_opened_is_reported_rather_than_panicking
FN:515,_RNvNtNtNtCs7oZQ2EfWAJr_7tinymcp5audit5store4tests_71a_limit_beyond_what_the_column_can_hold_is_refused_rather_than_wrapping
FNDA:512,_RNCNvNtNtNtCs7oZQ2EfWAJr_7tinymcp5audit5store4tests_37truncation_does_not_split_a_character0B9_
FNDA:512,_RNCNvNtNtNtCs7oZQ2EfWAJr_7tinymcp5audit5store4tests_57a_long_error_message_is_truncated_on_a_character_boundary0B9_
FNDA:29,_RNvNtNtNtCs7oZQ2EfWAJr_7tinymcp5audit5store4test3all
FNDA:25,_RNvNtNtNtCs7oZQ2EfWAJr_7tinymcp5audit5store4test5store
FNDA:49,_RNvNtNtNtCs7oZQ2EfWAJr_7tinymcp5audit5store4test8write_at
FNDA:1,_RNvNtNtNtCs7oZQ2EfWAJr_7tinymcp5audit5store4tests_15filters_combine
FNDA:1,_RNvNtNtNtCs7oZQ2EfWAJr_7tinymcp5audit5store4tests_20a_record_round_trips
FNDA:1,_RNvNtNtNtCs7oZQ2EfWAJr_7tinymcp5audit5store4tests_26an_empty_log_lists_nothing
FNDA:1,_RNvNtNtNtCs7oZQ2EfWAJr_7tinymcp5audit5store4tests_29a_tool_filter_matches_exactly
FNDA:1,_RNvNtNtNtCs7oZQ2EfWAJr_7tinymcp5audit5store4tests_30a_page_size_bounds_the_listing
FNDA:1,_RNvNtNtNtCs7oZQ2EfWAJr_7tinymcp5audit5store4tests_31a_client_filter_matches_exactly
FNDA:1,_RNvNtNtNtCs7oZQ2EfWAJr_7tinymcp5audit5store4tests_32reopening_finds_what_was_written
FNDA:1,_RNvNtNtNtCs7oZQ2EfWAJr_7tinymcp5audit5store4tests_33a_message_that_fits_is_left_alone
FNDA:1,_RNvNtNtNtCs7oZQ2EfWAJr_7tinymcp5audit5store4tests_34a_success_filter_excludes_failures
FNDA:1,_RNvNtNtNtCs7oZQ2EfWAJr_7tinymcp5audit5store4tests_35a_null_argument_summary_round_trips
FNDA:1,_RNvNtNtNtCs7oZQ2EfWAJr_7tinymcp5audit5store4tests_35each_record_gets_its_own_identifier
FNDA:1,_RNvNtNtNtCs7oZQ2EfWAJr_7tinymcp5audit5store4tests_36records_are_listed_most_recent_first
FNDA:1,_RNvNtNtNtCs7oZQ2EfWAJr_7tinymcp5audit5store4tests_37a_since_filter_excludes_older_records
FNDA:1,_RNvNtNtNtCs7oZQ2EfWAJr_7tinymcp5audit5store4tests_37truncation_does_not_split_a_character
FNDA:1,_RNvNtNtNtCs7oZQ2EfWAJr_7tinymcp5audit5store4tests_38opening_creates_the_directory_and_file
FNDA:1,_RNvNtNtNtCs7oZQ2EfWAJr_7tinymcp5audit5store4tests_39an_offset_skips_the_most_recent_records
FNDA:1,_RNvNtNtNtCs7oZQ2EfWAJr_7tinymcp5audit5store4tests_39an_oversized_error_message_is_truncated
FNDA:1,_RNvNtNtNtCs7oZQ2EfWAJr_7tinymcp5audit5store4tests_41a_failed_write_keeps_its_flag_and_message
FNDA:1,_RNvNtNtNtCs7oZQ2EfWAJr_7tinymcp5audit5store4tests_47a_client_filter_is_trimmed_before_it_is_applied
FNDA:1,_RNvNtNtNtCs7oZQ2EfWAJr_7tinymcp5audit5store4tests_47an_error_message_within_the_bound_is_kept_whole
FNDA:1,_RNvNtNtNtCs7oZQ2EfWAJr_7tinymcp5audit5store4tests_50an_audit_log_opens_under_the_directory_it_is_given
FNDA:1,_RNvNtNtNtCs7oZQ2EfWAJr_7tinymcp5audit5store4tests_52asking_for_failures_too_is_the_same_as_not_filtering
FNDA:1,_RNvNtNtNtCs7oZQ2EfWAJr_7tinymcp5audit5store4tests_52the_default_page_size_applies_when_none_is_asked_for
FNDA:1,_RNvNtNtNtCs7oZQ2EfWAJr_7tinymcp5audit5store4tests_53a_blank_filter_matches_everything_rather_than_nothing
FNDA:1,_RNvNtNtNtCs7oZQ2EfWAJr_7tinymcp5audit5store4tests_53the_audit_log_is_its_own_file_beside_the_server_store
FNDA:1,_RNvNtNtNtCs7oZQ2EfWAJr_7tinymcp5audit5store4tests_56an_oversized_page_request_is_clamped_rather_than_refused
FNDA:1,_RNvNtNtNtCs7oZQ2EfWAJr_7tinymcp5audit5store4tests_57a_long_error_message_is_truncated_on_a_character_boundary
FNDA:1,_RNvNtNtNtCs7oZQ2EfWAJr_7tinymcp5audit5store4tests_58records_sharing_a_timestamp_order_by_identifier_descending
FNDA:1,_RNvNtNtNtCs7oZQ2EfWAJr_7tinymcp5audit5store4tests_60a_row_whose_argument_summary_was_never_written_reads_as_null
FNDA:1,_RNvNtNtNtCs7oZQ2EfWAJr_7tinymcp5audit5store4tests_65a_bound_too_large_for_the_column_is_reported_rather_than_wrapping
FNDA:1,_RNvNtNtNtCs7oZQ2EfWAJr_7tinymcp5audit5store4tests_68an_audit_log_that_cannot_be_opened_is_reported_rather_than_panicking
FNDA:1,_RNvNtNtNtCs7oZQ2EfWAJr_7tinymcp5audit5store4tests_71a_limit_beyond_what_the_column_can_hold_is_refused_rather_than_wrapping
FNF:37
FNH:37
DA:19,25
DA:20,25
DA:21,25
DA:24,49
DA:25,49
DA:26,49
DA:27,49
DA:28,49
DA:29,49
DA:30,49
DA:31,49
DA:32,49
DA:33,49
DA:34,49
DA:37,29
DA:38,29
DA:39,29
DA:46,1
DA:47,1
DA:48,1
DA:49,1
DA:51,1
DA:53,1
DA:54,1
DA:57,1
DA:60,1
DA:61,1
DA:62,1
DA:63,1
DA:64,1
DA:67,1
DA:68,1
DA:70,1
DA:71,1
DA:72,1
DA:73,1
DA:74,1
DA:76,1
DA:77,1
DA:78,1
DA:85,1
DA:86,1
DA:87,1
DA:88,1
DA:89,1
DA:90,1
DA:91,1
DA:93,1
DA:94,1
DA:96,1
DA:97,1
DA:98,1
DA:99,1
DA:100,1
DA:101,1
DA:102,1
DA:103,1
DA:104,1
DA:105,1
DA:106,1
DA:109,1
DA:110,1
DA:111,1
DA:112,1
DA:114,1
DA:115,1
DA:118,1
DA:119,1
DA:120,1
DA:121,1
DA:122,1
DA:123,1
DA:124,1
DA:125,1
DA:126,1
DA:128,1
DA:129,1
DA:130,1
DA:131,1
DA:134,1
DA:135,1
DA:136,1
DA:137,1
DA:138,1
DA:139,1
DA:140,1
DA:141,1
DA:143,1
DA:144,1
DA:151,1
DA:153,1
DA:154,1
DA:155,1
DA:156,1
DA:157,1
DA:158,1
DA:159,1
DA:160,1
DA:162,1
DA:163,1
DA:164,1
DA:165,1
DA:166,1
DA:167,1
DA:170,1
DA:172,1
DA:173,1
DA:174,1
DA:175,1
DA:176,1
DA:177,1
DA:178,1
DA:179,1
DA:181,1
DA:182,1
DA:183,1
DA:184,1
DA:185,1
DA:186,512
DA:187,1
DA:190,1
DA:191,1
DA:192,1
DA:193,1
DA:194,1
DA:195,1
DA:196,1
DA:197,1
DA:198,1
DA:200,1
DA:201,1
DA:204,1
DA:211,1
DA:212,1
DA:213,3
DA:214,3
DA:215,3
DA:216,3
DA:217,3
DA:219,1
DA:220,1
DA:221,1
DA:222,1
DA:223,1
DA:224,1
DA:225,1
DA:226,1
DA:229,1
DA:231,1
DA:232,1
DA:233,1
DA:235,1
DA:236,1
DA:237,1
DA:238,1
DA:239,1
DA:240,1
DA:241,1
DA:242,1
DA:245,1
DA:246,1
DA:247,10
DA:248,10
DA:249,10
DA:250,10
DA:251,10
DA:253,1
DA:254,1
DA:255,1
DA:256,1
DA:257,1
DA:258,1
DA:261,1
DA:262,1
DA:263,1
DA:265,1
DA:266,1
DA:267,1
DA:268,1
DA:271,1
DA:272,1
DA:273,1
DA:276,1
DA:277,1
DA:278,3
DA:279,3
DA:280,3
DA:281,3
DA:282,3
DA:284,1
DA:285,1
DA:286,1
DA:287,1
DA:288,1
DA:289,1
DA:290,1
DA:291,1
DA:292,1
DA:293,1
DA:294,1
DA:295,1
DA:298,1
DA:299,1
DA:300,1
DA:303,1
DA:304,1
DA:305,1
DA:312,1
DA:313,1
DA:314,3
DA:315,3
DA:316,3
DA:317,3
DA:318,3
DA:320,1
DA:321,1
DA:322,1
DA:323,1
DA:324,1
DA:325,1
DA:326,1
DA:327,1
DA:328,1
DA:329,1
DA:331,1
DA:332,1
DA:335,1
DA:336,1
DA:337,1
DA:338,1
DA:340,1
DA:341,1
DA:342,1
DA:343,1
DA:344,1
DA:345,1
DA:346,1
DA:347,1
DA:350,1
DA:351,1
DA:352,1
DA:354,1
DA:355,1
DA:356,1
DA:357,1
DA:358,1
DA:359,1
DA:362,1
DA:363,1
DA:364,1
DA:365,1
DA:367,1
DA:368,1
DA:369,1
DA:370,1
DA:371,1
DA:372,1
DA:373,1
DA:376,1
DA:377,1
DA:378,1
DA:379,1
DA:380,1
DA:381,1
DA:382,1
DA:383,1
DA:385,1
DA:386,1
DA:387,1
DA:388,1
DA:389,1
DA:390,1
DA:391,1
DA:392,1
DA:395,1
DA:396,1
DA:397,1
DA:398,1
[...]
FNDA:1,_RNvNtNtNtNtCs7oZQ2EfWAJr_7tinymcp9transport5stdio9spawn_env4tests_43a_runtime_is_recognised_through_a_full_path
FNDA:1,_RNvNtNtNtNtCs7oZQ2EfWAJr_7tinymcp9transport5stdio9spawn_env4tests_45an_absolute_command_is_taken_as_a_direct_path
FNDA:1,_RNvNtNtNtNtCs7oZQ2EfWAJr_7tinymcp9transport5stdio9spawn_env4tests_46a_version_parses_with_or_without_its_leading_v
FNDA:1,_RNvNtNtNtNtCs7oZQ2EfWAJr_7tinymcp9transport5stdio9spawn_env4tests_47a_file_without_the_execute_bit_is_not_a_command
FNDA:1,_RNvNtNtNtNtCs7oZQ2EfWAJr_7tinymcp9transport5stdio9spawn_env4tests_48versions_order_numerically_rather_than_lexically
FNDA:1,_RNvNtNtNtNtCs7oZQ2EfWAJr_7tinymcp9transport5stdio9spawn_env4tests_49a_bare_name_takes_the_first_directory_that_has_it
FNDA:1,_RNvNtNtNtNtCs7oZQ2EfWAJr_7tinymcp9transport5stdio9spawn_env4tests_49a_failed_probe_lets_the_fallback_directories_lead
FNDA:1,_RNvNtNtNtNtCs7oZQ2EfWAJr_7tinymcp9transport5stdio9spawn_env4tests_49a_missing_uv_runtime_names_uv_and_where_to_get_it
FNDA:1,_RNvNtNtNtNtCs7oZQ2EfWAJr_7tinymcp9transport5stdio9spawn_env4tests_49every_message_names_the_command_it_could_not_find
FNDA:1,_RNvNtNtNtNtCs7oZQ2EfWAJr_7tinymcp9transport5stdio9spawn_env4tests_49merging_keeps_the_first_occurrence_of_a_duplicate
FNDA:1,_RNvNtNtNtNtCs7oZQ2EfWAJr_7tinymcp9transport5stdio9spawn_env4tests_49output_with_only_an_opening_marker_yields_nothing
FNDA:1,_RNvNtNtNtNtCs7oZQ2EfWAJr_7tinymcp9transport5stdio9spawn_env4tests_50a_fenced_value_is_extracted_from_surrounding_noise
FNDA:1,_RNvNtNtNtNtCs7oZQ2EfWAJr_7tinymcp9transport5stdio9spawn_env4tests_53a_missing_node_runtime_names_node_and_where_to_get_it
FNDA:1,_RNvNtNtNtNtCs7oZQ2EfWAJr_7tinymcp9transport5stdio9spawn_env4tests_56a_successful_probe_leads_so_the_shells_node_version_wins
FNDA:1,_RNvNtNtNtNtCs7oZQ2EfWAJr_7tinymcp9transport5stdio9spawn_env4tests_57a_relative_command_resolves_against_the_working_directory
FNDA:1,_RNvNtNtNtNtCs7oZQ2EfWAJr_7tinymcp9transport5stdio9spawn_env4tests_59a_bare_name_that_is_nowhere_on_the_path_resolves_to_nothing
FNDA:1,_RNvNtNtNtNtCs7oZQ2EfWAJr_7tinymcp9transport5stdio9spawn_env4tests_60a_relative_command_with_no_working_directory_is_not_invented
FNDA:1,_RNvNtNtNtNtCs7oZQ2EfWAJr_7tinymcp9transport5stdio9spawn_env4tests_75empty_path_entries_are_skipped_rather_than_treated_as_the_current_directory
FNF:39
FNH:39
DA:19,7
DA:20,7
DA:21,7
DA:22,7
DA:23,7
DA:26,7
DA:28,6
DA:29,6
DA:30,6
DA:31,1
DA:34,7
DA:37,10
DA:38,10
DA:39,10
DA:46,1
DA:49,1
DA:50,1
DA:51,1
DA:54,1
DA:55,1
DA:56,1
DA:57,1
DA:60,1
DA:61,1
DA:62,1
DA:63,1
DA:66,1
DA:68,1
DA:69,1
DA:70,1
DA:73,1
DA:75,1
DA:76,1
DA:78,1
DA:79,1
DA:80,1
DA:87,1
DA:89,1
DA:90,1
DA:91,1
DA:92,1
DA:93,1
DA:94,1
DA:97,1
DA:101,1
DA:102,1
DA:103,1
DA:106,1
DA:107,1
DA:108,1
DA:109,1
DA:112,1
DA:113,1
DA:114,1
DA:121,1
DA:124,1
DA:125,1
DA:126,1
DA:129,1
DA:132,1
DA:133,1
DA:134,1
DA:141,1
DA:142,1
DA:143,1
DA:144,1
DA:147,1
DA:148,1
DA:149,1
DA:152,1
DA:153,1
DA:154,1
DA:155,1
DA:156,1
DA:159,1
DA:161,1
DA:162,1
DA:163,1
DA:166,1
DA:168,6
DA:169,6
DA:171,1
DA:178,1
DA:179,1
DA:180,1
DA:183,1
DA:184,1
DA:185,1
DA:186,1
DA:188,1
DA:189,1
DA:190,1
DA:193,1
DA:194,1
DA:195,1
DA:196,1
DA:197,1
DA:199,1
DA:200,1
DA:201,1
DA:202,1
DA:203,1
DA:205,1
DA:206,1
DA:209,1
DA:210,1
DA:211,1
DA:212,1
DA:215,1
DA:216,1
DA:217,1
DA:218,1
DA:222,1
DA:223,1
DA:224,1
DA:227,1
DA:229,1
DA:230,1
DA:231,1
DA:233,1
DA:234,1
DA:235,1
DA:236,1
DA:238,1
DA:241,1
DA:242,1
DA:243,1
DA:247,1
DA:251,1
DA:252,1
DA:254,1
DA:255,1
DA:258,1
DA:259,1
DA:260,1
DA:262,1
DA:263,1
DA:266,1
DA:267,1
DA:268,1
DA:270,1
DA:271,1
DA:272,1
DA:279,1
DA:280,3
DA:281,3
DA:282,3
DA:283,3
DA:284,3
DA:286,1
DA:289,1
DA:290,2
DA:291,2
DA:292,2
DA:293,2
DA:295,1
DA:298,1
DA:301,1
DA:302,1
DA:303,1
DA:306,1
DA:307,1
DA:308,1
DA:311,1
DA:312,1
DA:313,1
DA:314,1
DA:315,1
DA:316,1
DA:319,1
DA:320,3
DA:321,3
DA:322,3
DA:326,1
DA:333,1
DA:334,1
DA:335,1
DA:337,1
DA:340,1
DA:341,1
DA:342,1
DA:343,1
DA:346,1
DA:347,1
DA:348,1
DA:350,1
DA:351,1
DA:352,1
DA:354,1
DA:355,1
DA:356,1
DA:357,1
DA:358,1
DA:359,1
BRF:0
BRH:0
LF:203
LH:202
end_of_record
SF:/home/enamakel/work/tinymcp/worktrees/mcp-extraction/crates/tinymcp/src/transport/stdio/test.rs
FN:60,_RNCNvNtNtNtCs7oZQ2EfWAJr_7tinymcp9transport5stdio4tests_36a_missing_uv_runtime_says_so_by_name0B9_
FN:49,_RNCNvNtNtNtCs7oZQ2EfWAJr_7tinymcp9transport5stdio4tests_38a_missing_node_runtime_says_so_by_name0B9_
FN:78,_RNCNvNtNtNtCs7oZQ2EfWAJr_7tinymcp9transport5stdio4tests_45the_client_reports_the_command_it_would_spawn0B9_
FN:69,_RNCNvNtNtNtCs7oZQ2EfWAJr_7tinymcp9transport5stdio4tests_49a_missing_command_names_the_command_it_looked_for0B9_
FN:83,_RNCNvNtNtNtCs7oZQ2EfWAJr_7tinymcp9transport5stdio4tests_52closing_a_session_that_was_never_opened_does_nothing0B9_
FN:40,_RNCNvNtNtNtCs7oZQ2EfWAJr_7tinymcp9transport5stdio4tests_65a_missing_command_fails_before_the_spawn_with_actionable_guidance0B9_
FN:151,_RNCNvNtNtNtNtCs7oZQ2EfWAJr_7tinymcp9transport5stdio4test21against_a_fake_servers_35a_handshake_completes_and_is_cached0Bb_
FN:186,_RNCNvNtNtNtNtCs7oZQ2EfWAJr_7tinymcp9transport5stdio4test21against_a_fake_servers_36tools_are_listed_after_the_handshake0Bb_
FN:258,_RNCNvNtNtNtNtCs7oZQ2EfWAJr_7tinymcp9transport5stdio4test21against_a_fake_servers_42a_reply_with_no_result_member_is_malformed0Bb_
FN:223,_RNCNvNtNtNtNtCs7oZQ2EfWAJr_7tinymcp9transport5stdio4test21against_a_fake_servers_43a_json_rpc_error_reply_becomes_an_rpc_error0Bb_
FN:238,_RNCNvNtNtNtNtCs7oZQ2EfWAJr_7tinymcp9transport5stdio4test21against_a_fake_servers_51a_server_that_closes_its_output_is_reported_clearly0Bb_
FN:275,_RNCNvNtNtNtNtCs7oZQ2EfWAJr_7tinymcp9transport5stdio4test21against_a_fake_servers_53closing_a_session_terminates_the_child_and_forgets_it0Bb_
FN:167,_RNCNvNtNtNtNtCs7oZQ2EfWAJr_7tinymcp9transport5stdio4test21against_a_fake_servers_59a_server_negotiating_an_unknown_version_fails_the_handshake0Bb_
FN:201,_RNCNvNtNtNtNtCs7oZQ2EfWAJr_7tinymcp9transport5stdio4test21against_a_fake_servers_65a_banner_on_the_output_is_skipped_rather_than_treated_as_protocol0Bb_
FN:16,_RNvNtNtNtCs7oZQ2EfWAJr_7tinymcp9transport5stdio4test10client_for
FN:28,_RNvNtNtNtCs7oZQ2EfWAJr_7tinymcp9transport5stdio4test10empty_path
FN:60,_RNvNtNtNtCs7oZQ2EfWAJr_7tinymcp9transport5stdio4tests_36a_missing_uv_runtime_says_so_by_name
FN:49,_RNvNtNtNtCs7oZQ2EfWAJr_7tinymcp9transport5stdio4tests_38a_missing_node_runtime_says_so_by_name
FN:78,_RNvNtNtNtCs7oZQ2EfWAJr_7tinymcp9transport5stdio4tests_45the_client_reports_the_command_it_would_spawn
FN:69,_RNvNtNtNtCs7oZQ2EfWAJr_7tinymcp9transport5stdio4tests_49a_missing_command_names_the_command_it_looked_for
FN:83,_RNvNtNtNtCs7oZQ2EfWAJr_7tinymcp9transport5stdio4tests_52closing_a_session_that_was_never_opened_does_nothing
FN:40,_RNvNtNtNtCs7oZQ2EfWAJr_7tinymcp9transport5stdio4tests_65a_missing_command_fails_before_the_spawn_with_actionable_guidance
FN:134,_RNvNtNtNtNtCs7oZQ2EfWAJr_7tinymcp9transport5stdio4test21against_a_fake_server10client_for
FN:103,_RNvNtNtNtNtCs7oZQ2EfWAJr_7tinymcp9transport5stdio4test21against_a_fake_server12write_script
FN:144,_RNvNtNtNtNtCs7oZQ2EfWAJr_7tinymcp9transport5stdio4test21against_a_fake_server16initialize_reply
FN:123,_RNvNtNtNtNtCs7oZQ2EfWAJr_7tinymcp9transport5stdio4test21against_a_fake_server9responder
FN:151,_RNvNtNtNtNtCs7oZQ2EfWAJr_7tinymcp9transport5stdio4test21against_a_fake_servers_35a_handshake_completes_and_is_cached
FN:186,_RNvNtNtNtNtCs7oZQ2EfWAJr_7tinymcp9transport5stdio4test21against_a_fake_servers_36tools_are_listed_after_the_handshake
FN:258,_RNvNtNtNtNtCs7oZQ2EfWAJr_7tinymcp9transport5stdio4test21against_a_fake_servers_42a_reply_with_no_result_member_is_malformed
FN:223,_RNvNtNtNtNtCs7oZQ2EfWAJr_7tinymcp9transport5stdio4test21against_a_fake_servers_43a_json_rpc_error_reply_becomes_an_rpc_error
FN:238,_RNvNtNtNtNtCs7oZQ2EfWAJr_7tinymcp9transport5stdio4test21against_a_fake_servers_51a_server_that_closes_its_output_is_reported_clearly
FN:275,_RNvNtNtNtNtCs7oZQ2EfWAJr_7tinymcp9transport5stdio4test21against_a_fake_servers_53closing_a_session_terminates_the_child_and_forgets_it
FN:167,_RNvNtNtNtNtCs7oZQ2EfWAJr_7tinymcp9transport5stdio4test21against_a_fake_servers_59a_server_negotiating_an_unknown_version_fails_the_handshake
FN:201,_RNvNtNtNtNtCs7oZQ2EfWAJr_7tinymcp9transport5stdio4test21against_a_fake_servers_65a_banner_on_the_output_is_skipped_rather_than_treated_as_protocol
FNDA:1,_RNCNvNtNtNtCs7oZQ2EfWAJr_7tinymcp9transport5stdio4tests_36a_missing_uv_runtime_says_so_by_name0B9_
FNDA:1,_RNCNvNtNtNtCs7oZQ2EfWAJr_7tinymcp9transport5stdio4tests_38a_missing_node_runtime_says_so_by_name0B9_
FNDA:1,_RNCNvNtNtNtCs7oZQ2EfWAJr_7tinymcp9transport5stdio4tests_45the_client_reports_the_command_it_would_spawn0B9_
FNDA:1,_RNCNvNtNtNtCs7oZQ2EfWAJr_7tinymcp9transport5stdio4tests_49a_missing_command_names_the_command_it_looked_for0B9_
FNDA:1,_RNCNvNtNtNtCs7oZQ2EfWAJr_7tinymcp9transport5stdio4tests_52closing_a_session_that_was_never_opened_does_nothing0B9_
FNDA:1,_RNCNvNtNtNtCs7oZQ2EfWAJr_7tinymcp9transport5stdio4tests_65a_missing_command_fails_before_the_spawn_with_actionable_guidance0B9_
FNDA:1,_RNCNvNtNtNtNtCs7oZQ2EfWAJr_7tinymcp9transport5stdio4test21against_a_fake_servers_35a_handshake_completes_and_is_cached0Bb_
FNDA:1,_RNCNvNtNtNtNtCs7oZQ2EfWAJr_7tinymcp9transport5stdio4test21against_a_fake_servers_36tools_are_listed_after_the_handshake0Bb_
FNDA:1,_RNCNvNtNtNtNtCs7oZQ2EfWAJr_7tinymcp9transport5stdio4test21against_a_fake_servers_42a_reply_with_no_result_member_is_malformed0Bb_
FNDA:1,_RNCNvNtNtNtNtCs7oZQ2EfWAJr_7tinymcp9transport5stdio4test21against_a_fake_servers_43a_json_rpc_error_reply_becomes_an_rpc_error0Bb_
FNDA:1,_RNCNvNtNtNtNtCs7oZQ2EfWAJr_7tinymcp9transport5stdio4test21against_a_fake_servers_51a_server_that_closes_its_output_is_reported_clearly0Bb_
FNDA:1,_RNCNvNtNtNtNtCs7oZQ2EfWAJr_7tinymcp9transport5stdio4test21against_a_fake_servers_53closing_a_session_terminates_the_child_and_forgets_it0Bb_
FNDA:1,_RNCNvNtNtNtNtCs7oZQ2EfWAJr_7tinymcp9transport5stdio4test21against_a_fake_servers_59a_server_negotiating_an_unknown_version_fails_the_handshake0Bb_
FNDA:1,_RNCNvNtNtNtNtCs7oZQ2EfWAJr_7tinymcp9transport5stdio4test21against_a_fake_servers_65a_banner_on_the_output_is_skipped_rather_than_treated_as_protocol0Bb_
FNDA:6,_RNvNtNtNtCs7oZQ2EfWAJr_7tinymcp9transport5stdio4test10client_for
FNDA:3,_RNvNtNtNtCs7oZQ2EfWAJr_7tinymcp9transport5stdio4test10empty_path
FNDA:1,_RNvNtNtNtCs7oZQ2EfWAJr_7tinymcp9transport5stdio4tests_36a_missing_uv_runtime_says_so_by_name
FNDA:1,_RNvNtNtNtCs7oZQ2EfWAJr_7tinymcp9transport5stdio4tests_38a_missing_node_runtime_says_so_by_name
FNDA:1,_RNvNtNtNtCs7oZQ2EfWAJr_7tinymcp9transport5stdio4tests_45the_client_reports_the_command_it_would_spawn
FNDA:1,_RNvNtNtNtCs7oZQ2EfWAJr_7tinymcp9transport5stdio4tests_49a_missing_command_names_the_command_it_looked_for
FNDA:1,_RNvNtNtNtCs7oZQ2EfWAJr_7tinymcp9transport5stdio4tests_52closing_a_session_that_was_never_opened_does_nothing
FNDA:1,_RNvNtNtNtCs7oZQ2EfWAJr_7tinymcp9transport5stdio4tests_65a_missing_command_fails_before_the_spawn_with_actionable_guidance
FNDA:8,_RNvNtNtNtNtCs7oZQ2EfWAJr_7tinymcp9transport5stdio4test21against_a_fake_server10client_for
FNDA:8,_RNvNtNtNtNtCs7oZQ2EfWAJr_7tinymcp9transport5stdio4test21against_a_fake_server12write_script
FNDA:4,_RNvNtNtNtNtCs7oZQ2EfWAJr_7tinymcp9transport5stdio4test21against_a_fake_server16initialize_reply
FNDA:6,_RNvNtNtNtNtCs7oZQ2EfWAJr_7tinymcp9transport5stdio4test21against_a_fake_server9responder
FNDA:1,_RNvNtNtNtNtCs7oZQ2EfWAJr_7tinymcp9transport5stdio4test21against_a_fake_servers_35a_handshake_completes_and_is_cached
FNDA:1,_RNvNtNtNtNtCs7oZQ2EfWAJr_7tinymcp9transport5stdio4test21against_a_fake_servers_36tools_are_listed_after_the_handshake
FNDA:1,_RNvNtNtNtNtCs7oZQ2EfWAJr_7tinymcp9transport5stdio4test21against_a_fake_servers_42a_reply_with_no_result_member_is_malformed
FNDA:1,_RNvNtNtNtNtCs7oZQ2EfWAJr_7tinymcp9transport5stdio4test21against_a_fake_servers_43a_json_rpc_error_reply_becomes_an_rpc_error
FNDA:1,_RNvNtNtNtNtCs7oZQ2EfWAJr_7tinymcp9transport5stdio4test21against_a_fake_servers_51a_server_that_closes_its_output_is_reported_clearly
FNDA:1,_RNvNtNtNtNtCs7oZQ2EfWAJr_7tinymcp9transport5stdio4test21against_a_fake_servers_53closing_a_session_terminates_the_child_and_forgets_it
FNDA:1,_RNvNtNtNtNtCs7oZQ2EfWAJr_7tinymcp9transport5stdio4test21against_a_fake_servers_59a_server_negotiating_an_unknown_version_fails_the_handshake
FNDA:1,_RNvNtNtNtNtCs7oZQ2EfWAJr_7tinymcp9transport5stdio4test21against_a_fake_servers_65a_banner_on_the_output_is_skipped_rather_than_treated_as_protocol
FNF:34
FNH:34
DA:16,6
DA:17,6
DA:18,6
DA:19,6
DA:20,6
DA:21,6
DA:22,6
DA:24,6
DA:28,3
DA:29,3
DA:30,3
DA:31,3
DA:32,3
DA:33,3
DA:40,1
DA:41,1
DA:43,1
DA:45,1
DA:46,1
DA:49,1
DA:52,1
DA:54,1
DA:56,1
DA:57,1
DA:60,1
DA:61,1
DA:63,1
DA:65,1
DA:66,1
DA:69,1
DA:70,1
DA:72,1
DA:74,1
DA:75,1
DA:78,1
DA:79,1
DA:80,1
DA:83,1
DA:84,1
DA:85,1
DA:86,1
DA:87,1
DA:88,1
DA:103,8
DA:106,8
DA:107,8
DA:108,8
DA:109,8
DA:110,8
DA:112,8
DA:113,8
DA:114,8
DA:116,8
DA:117,8
DA:123,6
DA:124,6
DA:125,8
DA:126,8
DA:127,8
DA:128,8
DA:130,6
DA:131,6
DA:132,6
DA:134,8
DA:135,8
DA:136,8
DA:137,8
DA:138,8
DA:139,8
DA:140,8
DA:142,8
DA:144,4
DA:145,4
DA:148,4
DA:151,1
DA:152,1
DA:153,1
DA:154,1
DA:156,1
DA:157,1
DA:158,1
DA:162,1
DA:163,1
DA:164,1
DA:167,1
DA:170,1
DA:171,1
DA:172,1
DA:174,1
DA:175,1
DA:176,1
DA:177,1
DA:179,1
DA:180,1
DA:181,1
DA:182,1
DA:183,1
DA:186,1
DA:187,1
DA:188,1
DA:189,1
DA:190,1
DA:191,1
DA:194,1
DA:196,1
DA:197,1
DA:198,1
DA:201,1
DA:205,1
DA:206,1
DA:207,1
DA:208,1
DA:209,1
DA:211,1
DA:212,1
DA:214,1
DA:215,1
DA:216,1
DA:217,1
DA:219,1
DA:220,1
DA:223,1
DA:224,1
DA:225,1
DA:226,1
DA:228,1
DA:229,1
DA:230,1
DA:231,1
DA:233,1
DA:234,1
DA:235,1
DA:238,1
DA:246,1
DA:247,1
DA:249,1
DA:250,1
DA:251,1
DA:252,1
DA:254,1
DA:255,1
DA:258,1
DA:259,1
DA:260,1
DA:261,1
DA:263,1
DA:264,1
DA:265,1
DA:266,1
DA:268,1
DA:269,1
DA:270,1
DA:271,1
DA:272,1
DA:275,1
DA:276,1
DA:277,1
DA:278,1
DA:280,1
DA:281,1
DA:285,1
DA:286,1
DA:287,1
DA:288,1
DA:289,1
BRF:0
BRH:0
LF:201
LH:201
end_of_record
SF:/home/enamakel/work/tinymcp/worktrees/mcp-extraction/crates/tinymcp/src/transport/test.rs
FN:200,_RNCNvNtNtCs7oZQ2EfWAJr_7tinymcp9transport4tests_33every_supported_version_validates0B7_
FN:33,_RNvNtNtCs7oZQ2EfWAJr_7tinymcp9transport4tests_22redaction_keeps_a_port
FN:220,_RNvNtNtCs7oZQ2EfWAJr_7tinymcp9transport4tests_28an_empty_version_is_rejected
FN:205,_RNvNtNtCs7oZQ2EfWAJr_7tinymcp9transport4tests_28the_latest_version_validates
FN:225,_RNvNtNtCs7oZQ2EfWAJr_7tinymcp9transport4tests_31a_near_miss_version_is_rejected
FN:197,_RNvNtNtCs7oZQ2EfWAJr_7tinymcp9transport4tests_33every_supported_version_validates
FN:158,_RNvNtNtCs7oZQ2EfWAJr_7tinymcp9transport4tests_38an_empty_reply_renders_as_its_own_json
FN:114,_RNvNtNtCs7oZQ2EfWAJr_7tinymcp9transport4tests_39a_single_text_block_renders_as_its_text
FN:94,_RNvNtNtCs7oZQ2EfWAJr_7tinymcp9transport4tests_40redaction_ignores_surrounding_whitespace
FN:21,_RNvNtNtCs7oZQ2EfWAJr_7tinymcp9transport4tests_40redaction_keeps_the_scheme_and_authority
FN:60,_RNvNtNtCs7oZQ2EfWAJr_7tinymcp9transport4tests_41redaction_refuses_a_url_carrying_userinfo
FN:88,_RNvNtNtCs7oZQ2EfWAJr_7tinymcp9transport4tests_41redaction_refuses_a_url_with_no_authority
FN:43,_RNvNtNtCs7oZQ2EfWAJr_7tinymcp9transport4tests_43redaction_drops_the_path_query_and_fragment
FN:148,_RNvNtNtCs7oZQ2EfWAJr_7tinymcp9transport4tests_44a_reply_with_no_text_renders_as_its_own_json
FN:102,_RNvNtNtCs7oZQ2EfWAJr_7tinymcp9transport4tests_44redaction_is_case_sensitive_about_the_scheme
FN:175,_RNvNtNtCs7oZQ2EfWAJr_7tinymcp9transport4tests_45a_non_boolean_is_error_is_treated_as_no_error
FN:210,_RNvNtNtCs7oZQ2EfWAJr_7tinymcp9transport4tests_48an_unlisted_version_is_rejected_and_names_itself
FN:136,_RNvNtNtCs7oZQ2EfWAJr_7tinymcp9transport4tests_48non_text_blocks_are_skipped_when_text_is_present
FN:71,_RNvNtNtCs7oZQ2EfWAJr_7tinymcp9transport4tests_48redaction_refuses_a_scheme_it_does_not_recognise
FN:124,_RNvNtNtCs7oZQ2EfWAJr_7tinymcp9transport4tests_49several_text_blocks_are_separated_by_a_blank_line
FN:164,_RNvNtNtCs7oZQ2EfWAJr_7tinymcp9transport4tests_51a_reply_flagged_is_error_renders_as_an_error_result
FN:187,_RNvNtNtCs7oZQ2EfWAJr_7tinymcp9transport4tests_61a_reply_whose_content_is_not_an_array_renders_as_its_own_json
FNDA:0,_RNCNvNtNtCs7oZQ2EfWAJr_7tinymcp9transport4tests_33every_supported_version_validates0B7_
FNDA:1,_RNvNtNtCs7oZQ2EfWAJr_7tinymcp9transport4tests_22redaction_keeps_a_port
FNDA:1,_RNvNtNtCs7oZQ2EfWAJr_7tinymcp9transport4tests_28an_empty_version_is_rejected
FNDA:1,_RNvNtNtCs7oZQ2EfWAJr_7tinymcp9transport4tests_28the_latest_version_validates
FNDA:1,_RNvNtNtCs7oZQ2EfWAJr_7tinymcp9transport4tests_31a_near_miss_version_is_rejected
FNDA:1,_RNvNtNtCs7oZQ2EfWAJr_7tinymcp9transport4tests_33every_supported_version_validates
FNDA:1,_RNvNtNtCs7oZQ2EfWAJr_7tinymcp9transport4tests_38an_empty_reply_renders_as_its_own_json
FNDA:1,_RNvNtNtCs7oZQ2EfWAJr_7tinymcp9transport4tests_39a_single_text_block_renders_as_its_text
FNDA:1,_RNvNtNtCs7oZQ2EfWAJr_7tinymcp9transport4tests_40redaction_ignores_surrounding_whitespace
FNDA:1,_RNvNtNtCs7oZQ2EfWAJr_7tinymcp9transport4tests_40redaction_keeps_the_scheme_and_authority
FNDA:1,_RNvNtNtCs7oZQ2EfWAJr_7tinymcp9transport4tests_41redaction_refuses_a_url_carrying_userinfo
FNDA:1,_RNvNtNtCs7oZQ2EfWAJr_7tinymcp9transport4tests_41redaction_refuses_a_url_with_no_authority
FNDA:1,_RNvNtNtCs7oZQ2EfWAJr_7tinymcp9transport4tests_43redaction_drops_the_path_query_and_fragment
FNDA:1,_RNvNtNtCs7oZQ2EfWAJr_7tinymcp9transport4tests_44a_reply_with_no_text_renders_as_its_own_json
FNDA:1,_RNvNtNtCs7oZQ2EfWAJr_7tinymcp9transport4tests_44redaction_is_case_sensitive_about_the_scheme
FNDA:1,_RNvNtNtCs7oZQ2EfWAJr_7tinymcp9transport4tests_45a_non_boolean_is_error_is_treated_as_no_error
FNDA:1,_RNvNtNtCs7oZQ2EfWAJr_7tinymcp9transport4tests_48an_unlisted_version_is_rejected_and_names_itself
FNDA:1,_RNvNtNtCs7oZQ2EfWAJr_7tinymcp9transport4tests_48non_text_blocks_are_skipped_when_text_is_present
FNDA:1,_RNvNtNtCs7oZQ2EfWAJr_7tinymcp9transport4tests_48redaction_refuses_a_scheme_it_does_not_recognise
FNDA:1,_RNvNtNtCs7oZQ2EfWAJr_7tinymcp9transport4tests_49several_text_blocks_are_separated_by_a_blank_line
FNDA:1,_RNvNtNtCs7oZQ2EfWAJr_7tinymcp9transport4tests_51a_reply_flagged_is_error_renders_as_an_error_result
FNDA:1,_RNvNtNtCs7oZQ2EfWAJr_7tinymcp9transport4tests_61a_reply_whose_content_is_not_an_array_renders_as_its_own_json
FNF:22
FNH:21
DA:21,1
DA:22,1
DA:23,1
DA:26,1
DA:27,1
DA:30,1
DA:33,1
DA:36,1
DA:37,1
DA:40,1
DA:43,1
DA:45,1
DA:46,1
DA:49,1
DA:50,1
DA:53,1
DA:54,1
DA:57,1
DA:60,1
DA:63,1
DA:64,1
DA:67,1
DA:68,1
DA:71,1
DA:72,5
DA:73,1
DA:74,1
DA:75,1
DA:76,1
DA:77,1
DA:78,1
DA:79,5
DA:80,5
DA:85,1
DA:88,1
DA:89,1
DA:90,1
DA:91,1
DA:94,1
DA:95,1
DA:96,1
DA:99,1
DA:102,1
DA:106,1
DA:107,1
DA:114,1
DA:115,1
DA:116,1
DA:117,1
DA:119,1
DA:120,1
DA:121,1
DA:124,1
DA:125,1
DA:126,1
DA:127,1
DA:128,1
DA:129,1
DA:130,1
DA:132,1
DA:133,1
DA:136,1
DA:137,1
DA:138,1
DA:139,1
DA:140,1
DA:141,1
DA:142,1
DA:144,1
DA:145,1
DA:148,1
DA:150,1
DA:151,1
DA:153,1
DA:154,1
DA:155,1
DA:158,1
DA:159,1
DA:160,1
DA:161,1
DA:164,1
DA:165,1
DA:166,1
DA:167,1
DA:168,1
DA:170,1
DA:171,1
DA:172,1
DA:175,1
DA:178,1
DA:179,1
DA:180,1
DA:181,1
DA:183,1
DA:184,1
DA:187,1
DA:188,1
DA:189,1
DA:190,1
DA:197,1
DA:198,4
DA:199,4
DA:200,4
DA:202,1
DA:205,1
DA:206,1
DA:207,1
DA:210,1
DA:211,1
DA:213,1
DA:214,1
DA:215,0
DA:217,1
DA:220,1
DA:221,1
DA:222,1
DA:225,1
DA:228,4
DA:229,4
DA:230,4
DA:234,1
BRF:0
BRH:0
LF:122
LH:120
end_of_record
SF:/home/enamakel/work/tinymcp/worktrees/mcp-extraction/vendor/tinybus/crates/tinybus-module/src/lib.rs
FN:571,tinybus_module_init_v1
FN:534,tinybus_module_manifest_v1
FNDA:0,tinybus_module_init_v1
FNDA:0,tinybus_module_manifest_v1
FNF:2
FNH:0
DA:534,0
DA:535,0
DA:536,0
DA:537,0
DA:538,0
DA:539,0
DA:540,0
DA:541,0
DA:542,0
DA:543,0
DA:544,0
DA:545,0
DA:546,0
DA:571,0
DA:572,0
DA:573,0
DA:574,0
DA:576,0
DA:577,0
DA:578,0
DA:584,0
BRF:0
BRH:0
LF:21
LH:0
end_of_record